<?xml version="1.0" encoding="UTF-8"?>
<testng-results skipped="0" failed="0" total="216" passed="216">
  <reporter-output>
  </reporter-output>
  <suite name="AllTests - examples" duration-ms="138443" started-at="2021-05-01T09:47:59Z" finished-at="2021-05-01T09:50:17Z">
    <groups>
      <group name="MYSQL">
        <method signature="Locking.extendedLock()[pri:0, instance:org.jpwh.test.concurrency.Locking@5f2108b5]" name="extendedLock" class="org.jpwh.test.concurrency.Locking"/>
        <method signature="CreateExecuteQueries.createNamedQueries()[pri:0, instance:org.jpwh.test.querying.CreateExecuteQueries@3dfc5fb8]" name="createNamedQueries" class="org.jpwh.test.querying.CreateExecuteQueries"/>
        <method signature="CreateExecuteQueries.namedQueries()[pri:0, instance:org.jpwh.test.querying.CreateExecuteQueries@3dfc5fb8]" name="namedQueries" class="org.jpwh.test.querying.CreateExecuteQueries"/>
        <method signature="CreateExecuteQueries.queryHints()[pri:0, instance:org.jpwh.test.querying.CreateExecuteQueries@3dfc5fb8]" name="queryHints" class="org.jpwh.test.querying.CreateExecuteQueries"/>
        <method signature="BulkStatementsSQL.bulkUpdate()[pri:0, instance:org.jpwh.test.bulkbatch.BulkStatementsSQL@4923ab24]" name="bulkUpdate" class="org.jpwh.test.bulkbatch.BulkStatementsSQL"/>
        <method signature="BulkStatementsSQL.bulkUpdateHibernate()[pri:0, instance:org.jpwh.test.bulkbatch.BulkStatementsSQL@4923ab24]" name="bulkUpdateHibernate" class="org.jpwh.test.bulkbatch.BulkStatementsSQL"/>
      </group> <!-- MYSQL -->
      <group name="H2">
        <method signature="SimpleTransitions.replicate()[pri:0, instance:org.jpwh.test.simple.SimpleTransitions@9f70c54]" name="replicate" class="org.jpwh.test.simple.SimpleTransitions"/>
        <method signature="TablePerClass.jdbcBillingDetailsSqlQuery()[pri:0, instance:org.jpwh.test.inheritance.TablePerClass@b97c004]" name="jdbcBillingDetailsSqlQuery" class="org.jpwh.test.inheritance.TablePerClass"/>
        <method signature="GeneratedProperties.storeLoadLastModified()[pri:0, instance:org.jpwh.test.advanced.GeneratedProperties@4439f31e]" name="storeLoadLastModified" class="org.jpwh.test.advanced.GeneratedProperties"/>
        <method signature="CustomSchema.configurePersistenceUnit()[pri:0, instance:org.jpwh.test.complexschemas.CustomSchema@42e26948]" name="configurePersistenceUnit" class="org.jpwh.test.complexschemas.CustomSchema"/>
        <method signature="CustomSchema.storeLoadCheckColumnInvalid()[pri:0, instance:org.jpwh.test.complexschemas.CustomSchema@42e26948]" name="storeLoadCheckColumnInvalid" class="org.jpwh.test.complexschemas.CustomSchema"/>
        <method signature="CustomSchema.storeLoadCheckSingleRowInvalid()[pri:0, instance:org.jpwh.test.complexschemas.CustomSchema@42e26948]" name="storeLoadCheckSingleRowInvalid" class="org.jpwh.test.complexschemas.CustomSchema"/>
        <method signature="CustomSchema.storeLoadCheckSubselectValid()[pri:0, instance:org.jpwh.test.complexschemas.CustomSchema@42e26948]" name="storeLoadCheckSubselectValid" class="org.jpwh.test.complexschemas.CustomSchema"/>
        <method signature="CustomSchema.storeLoadDomainInvalid()[pri:0, instance:org.jpwh.test.complexschemas.CustomSchema@42e26948]" name="storeLoadDomainInvalid" class="org.jpwh.test.complexschemas.CustomSchema"/>
        <method signature="CustomSchema.storeLoadUniqueMultiColumnValid()[pri:0, instance:org.jpwh.test.complexschemas.CustomSchema@42e26948]" name="storeLoadUniqueMultiColumnValid" class="org.jpwh.test.complexschemas.CustomSchema"/>
        <method signature="CustomSchema.storeLoadValid()[pri:0, instance:org.jpwh.test.complexschemas.CustomSchema@42e26948]" name="storeLoadValid" class="org.jpwh.test.complexschemas.CustomSchema"/>
        <method signature="Locking.extendedLock()[pri:0, instance:org.jpwh.test.concurrency.Locking@5f2108b5]" name="extendedLock" class="org.jpwh.test.concurrency.Locking"/>
        <method signature="NonTransactional.autoCommit()[pri:0, instance:org.jpwh.test.concurrency.NonTransactional@3f49dace]" name="autoCommit" class="org.jpwh.test.concurrency.NonTransactional"/>
        <method signature="ExtendedPC.conversationCreateItem()[pri:0, instance:org.jpwh.test.conversation.ExtendedPC@56ef9176]" name="conversationCreateItem" class="org.jpwh.test.conversation.ExtendedPC"/>
        <method signature="ExtendedPC.conversationEditItem()[pri:0, instance:org.jpwh.test.conversation.ExtendedPC@56ef9176]" name="conversationEditItem" class="org.jpwh.test.conversation.ExtendedPC"/>
        <method signature="CreateExecuteQueries.createNamedQueries()[pri:0, instance:org.jpwh.test.querying.CreateExecuteQueries@3dfc5fb8]" name="createNamedQueries" class="org.jpwh.test.querying.CreateExecuteQueries"/>
        <method signature="CreateExecuteQueries.namedQueries()[pri:0, instance:org.jpwh.test.querying.CreateExecuteQueries@3dfc5fb8]" name="namedQueries" class="org.jpwh.test.querying.CreateExecuteQueries"/>
        <method signature="CreateExecuteQueries.queryHints()[pri:0, instance:org.jpwh.test.querying.CreateExecuteQueries@3dfc5fb8]" name="queryHints" class="org.jpwh.test.querying.CreateExecuteQueries"/>
        <method signature="HibernateSQLQueries.executeRecursiveQueries()[pri:0, instance:org.jpwh.test.querying.sql.HibernateSQLQueries@458c1321]" name="executeRecursiveQueries" class="org.jpwh.test.querying.sql.HibernateSQLQueries"/>
        <method signature="NativeQueries.executeRecursiveQueries()[pri:0, instance:org.jpwh.test.querying.sql.NativeQueries@1877ab81]" name="executeRecursiveQueries" class="org.jpwh.test.querying.sql.NativeQueries"/>
        <method signature="Projection.executeQueriesWithFunctions()[pri:0, instance:org.jpwh.test.querying.criteria.Projection@1563da5]" name="executeQueriesWithFunctions" class="org.jpwh.test.querying.criteria.Projection"/>
        <method signature="Projection.executeQueriesWithFunctions()[pri:0, instance:org.jpwh.test.querying.jpql.Projection@3cb1ffe6]" name="executeQueriesWithFunctions" class="org.jpwh.test.querying.jpql.Projection"/>
        <method signature="Restriction.executeQueriesWithFunctions()[pri:0, instance:org.jpwh.test.querying.criteria.Restriction@2781e022]" name="executeQueriesWithFunctions" class="org.jpwh.test.querying.criteria.Restriction"/>
        <method signature="Restriction.executeQueriesWithFunctions()[pri:0, instance:org.jpwh.test.querying.jpql.Restriction@704a52ec]" name="executeQueriesWithFunctions" class="org.jpwh.test.querying.jpql.Restriction"/>
        <method signature="CustomSQL.readRestrictedCollection()[pri:0, instance:org.jpwh.test.customsql.CustomSQL@631330c]" name="readRestrictedCollection" class="org.jpwh.test.customsql.CustomSQL"/>
        <method signature="BulkStatementsSQL.bulkUpdate()[pri:0, instance:org.jpwh.test.bulkbatch.BulkStatementsSQL@4923ab24]" name="bulkUpdate" class="org.jpwh.test.bulkbatch.BulkStatementsSQL"/>
        <method signature="BulkStatementsSQL.bulkUpdateHibernate()[pri:0, instance:org.jpwh.test.bulkbatch.BulkStatementsSQL@4923ab24]" name="bulkUpdateHibernate" class="org.jpwh.test.bulkbatch.BulkStatementsSQL"/>
      </group> <!-- H2 -->
      <group name="POSTGRESQL">
        <method signature="SimpleTransitions.replicate()[pri:0, instance:org.jpwh.test.simple.SimpleTransitions@9f70c54]" name="replicate" class="org.jpwh.test.simple.SimpleTransitions"/>
        <method signature="TablePerClass.jdbcBillingDetailsSqlQuery()[pri:0, instance:org.jpwh.test.inheritance.TablePerClass@b97c004]" name="jdbcBillingDetailsSqlQuery" class="org.jpwh.test.inheritance.TablePerClass"/>
        <method signature="NonTransactional.autoCommit()[pri:0, instance:org.jpwh.test.concurrency.NonTransactional@3f49dace]" name="autoCommit" class="org.jpwh.test.concurrency.NonTransactional"/>
        <method signature="ExtendedPC.conversationCreateItem()[pri:0, instance:org.jpwh.test.conversation.ExtendedPC@56ef9176]" name="conversationCreateItem" class="org.jpwh.test.conversation.ExtendedPC"/>
        <method signature="ExtendedPC.conversationEditItem()[pri:0, instance:org.jpwh.test.conversation.ExtendedPC@56ef9176]" name="conversationEditItem" class="org.jpwh.test.conversation.ExtendedPC"/>
        <method signature="CustomSQL.readRestrictedCollection()[pri:0, instance:org.jpwh.test.customsql.CustomSQL@631330c]" name="readRestrictedCollection" class="org.jpwh.test.customsql.CustomSQL"/>
        <method signature="BulkStatementsSQL.bulkUpdate()[pri:0, instance:org.jpwh.test.bulkbatch.BulkStatementsSQL@4923ab24]" name="bulkUpdate" class="org.jpwh.test.bulkbatch.BulkStatementsSQL"/>
        <method signature="BulkStatementsSQL.bulkUpdateHibernate()[pri:0, instance:org.jpwh.test.bulkbatch.BulkStatementsSQL@4923ab24]" name="bulkUpdateHibernate" class="org.jpwh.test.bulkbatch.BulkStatementsSQL"/>
      </group> <!-- POSTGRESQL -->
      <group name="ORACLE">
        <method signature="SimpleTransitions.replicate()[pri:0, instance:org.jpwh.test.simple.SimpleTransitions@9f70c54]" name="replicate" class="org.jpwh.test.simple.SimpleTransitions"/>
        <method signature="Locking.extendedLock()[pri:0, instance:org.jpwh.test.concurrency.Locking@5f2108b5]" name="extendedLock" class="org.jpwh.test.concurrency.Locking"/>
        <method signature="NonTransactional.autoCommit()[pri:0, instance:org.jpwh.test.concurrency.NonTransactional@3f49dace]" name="autoCommit" class="org.jpwh.test.concurrency.NonTransactional"/>
        <method signature="ExtendedPC.conversationCreateItem()[pri:0, instance:org.jpwh.test.conversation.ExtendedPC@56ef9176]" name="conversationCreateItem" class="org.jpwh.test.conversation.ExtendedPC"/>
        <method signature="ExtendedPC.conversationEditItem()[pri:0, instance:org.jpwh.test.conversation.ExtendedPC@56ef9176]" name="conversationEditItem" class="org.jpwh.test.conversation.ExtendedPC"/>
        <method signature="CreateExecuteQueries.createNamedQueries()[pri:0, instance:org.jpwh.test.querying.CreateExecuteQueries@3dfc5fb8]" name="createNamedQueries" class="org.jpwh.test.querying.CreateExecuteQueries"/>
        <method signature="CreateExecuteQueries.namedQueries()[pri:0, instance:org.jpwh.test.querying.CreateExecuteQueries@3dfc5fb8]" name="namedQueries" class="org.jpwh.test.querying.CreateExecuteQueries"/>
        <method signature="CreateExecuteQueries.queryHints()[pri:0, instance:org.jpwh.test.querying.CreateExecuteQueries@3dfc5fb8]" name="queryHints" class="org.jpwh.test.querying.CreateExecuteQueries"/>
      </group> <!-- ORACLE -->
    </groups>
    <test name="Hello World" duration-ms="1211" started-at="2021-05-01T09:47:59Z" finished-at="2021-05-01T09:48:00Z">
      <class name="org.jpwh.helloworld.HelloWorldJPA">
        <test-method status="PASS" signature="storeLoadMessage()[pri:0, instance:org.jpwh.helloworld.HelloWorldJPA@17f6480]" name="storeLoadMessage" duration-ms="378" started-at="2021-05-01T12:48:00Z" finished-at="2021-05-01T12:48:00Z">
          <reporter-output>
          </reporter-output>
        </test-method> <!-- storeLoadMessage -->
      </class> <!-- org.jpwh.helloworld.HelloWorldJPA -->
      <class name="org.jpwh.helloworld.HelloWorldHibernate">
        <test-method status="PASS" signature="storeLoadMessage()[pri:0, instance:org.jpwh.helloworld.HelloWorldHibernate@3d8c7aca]" name="storeLoadMessage" duration-ms="824" started-at="2021-05-01T12:47:59Z" finished-at="2021-05-01T12:48:00Z">
          <reporter-output>
          </reporter-output>
        </test-method> <!-- storeLoadMessage -->
      </class> <!-- org.jpwh.helloworld.HelloWorldHibernate -->
    </test> <!-- Hello World -->
    <test name="Simple Mappings" duration-ms="4942" started-at="2021-05-01T09:48:05Z" finished-at="2021-05-01T09:48:10Z">
      <class name="org.jpwh.test.simple.CRUDMetadataXML">
        <test-method status="PASS" signature="beforeClass()[pri:0, instance:org.jpwh.test.simple.CRUDMetadataXML@50f8360d]" name="beforeClass" is-config="true" duration-ms="1" started-at="2021-05-01T12:48:05Z" finished-at="2021-05-01T12:48:05Z">
          <reporter-output>
          </reporter-output>
        </test-method> <!-- beforeClass -->
        <test-method status="PASS" signature="beforeMethod()[pri:0, instance:org.jpwh.test.simple.CRUDMetadataXML@50f8360d]" name="beforeMethod" is-config="true" duration-ms="327" started-at="2021-05-01T12:48:05Z" finished-at="2021-05-01T12:48:06Z">
          <reporter-output>
          </reporter-output>
        </test-method> <!-- beforeMethod -->
        <test-method status="PASS" signature="storeAndQueryItems()[pri:0, instance:org.jpwh.test.simple.CRUDMetadataXML@50f8360d]" name="storeAndQueryItems" duration-ms="31" started-at="2021-05-01T12:48:06Z" finished-at="2021-05-01T12:48:06Z">
          <reporter-output>
          </reporter-output>
        </test-method> <!-- storeAndQueryItems -->
        <test-method status="PASS" signature="afterMethod()[pri:0, instance:org.jpwh.test.simple.CRUDMetadataXML@50f8360d]" name="afterMethod" is-config="true" duration-ms="50" started-at="2021-05-01T12:48:06Z" finished-at="2021-05-01T12:48:06Z">
          <reporter-output>
          </reporter-output>
        </test-method> <!-- afterMethod -->
      </class> <!-- org.jpwh.test.simple.CRUDMetadataXML -->
      <class name="org.jpwh.test.simple.CRUD">
        <test-method status="PASS" signature="beforeClass()[pri:0, instance:org.jpwh.test.simple.CRUD@52af6cff]" name="beforeClass" is-config="true" duration-ms="0" started-at="2021-05-01T12:48:09Z" finished-at="2021-05-01T12:48:09Z">
          <reporter-output>
          </reporter-output>
        </test-method> <!-- beforeClass -->
        <test-method status="PASS" signature="beforeMethod()[pri:0, instance:org.jpwh.test.simple.CRUD@52af6cff]" name="beforeMethod" is-config="true" duration-ms="100" started-at="2021-05-01T12:48:09Z" finished-at="2021-05-01T12:48:09Z">
          <reporter-output>
          </reporter-output>
        </test-method> <!-- beforeMethod -->
        <test-method status="PASS" signature="storeAndQueryItems()[pri:0, instance:org.jpwh.test.simple.CRUD@52af6cff]" name="storeAndQueryItems" duration-ms="5" started-at="2021-05-01T12:48:09Z" finished-at="2021-05-01T12:48:09Z">
          <reporter-output>
          </reporter-output>
        </test-method> <!-- storeAndQueryItems -->
        <test-method status="PASS" signature="afterMethod()[pri:0, instance:org.jpwh.test.simple.CRUD@52af6cff]" name="afterMethod" is-config="true" duration-ms="34" started-at="2021-05-01T12:48:09Z" finished-at="2021-05-01T12:48:09Z">
          <reporter-output>
          </reporter-output>
        </test-method> <!-- afterMethod -->
      </class> <!-- org.jpwh.test.simple.CRUD -->
      <class name="org.jpwh.test.simple.SimpleTransitions">
        <test-method status="PASS" signature="beforeClass()[pri:0, instance:org.jpwh.test.simple.SimpleTransitions@9f70c54]" name="beforeClass" is-config="true" duration-ms="0" started-at="2021-05-01T12:48:07Z" finished-at="2021-05-01T12:48:07Z">
          <reporter-output>
          </reporter-output>
        </test-method> <!-- beforeClass -->
        <test-method status="PASS" signature="beforeMethod()[pri:0, instance:org.jpwh.test.simple.SimpleTransitions@9f70c54]" name="beforeMethod" is-config="true" duration-ms="122" started-at="2021-05-01T12:48:07Z" finished-at="2021-05-01T12:48:07Z">
          <reporter-output>
          </reporter-output>
        </test-method> <!-- beforeMethod -->
        <test-method status="PASS" signature="basicUOW()[pri:0, instance:org.jpwh.test.simple.SimpleTransitions@9f70c54]" name="basicUOW" duration-ms="4" started-at="2021-05-01T12:48:07Z" finished-at="2021-05-01T12:48:07Z">
          <reporter-output>
          </reporter-output>
        </test-method> <!-- basicUOW -->
        <test-method status="PASS" signature="afterMethod()[pri:0, instance:org.jpwh.test.simple.SimpleTransitions@9f70c54]" name="afterMethod" is-config="true" duration-ms="67" started-at="2021-05-01T12:48:07Z" finished-at="2021-05-01T12:48:07Z">
          <reporter-output>
          </reporter-output>
        </test-method> <!-- afterMethod -->
        <test-method status="PASS" signature="beforeMethod()[pri:0, instance:org.jpwh.test.simple.SimpleTransitions@9f70c54]" name="beforeMethod" is-config="true" duration-ms="188" started-at="2021-05-01T12:48:07Z" finished-at="2021-05-01T12:48:07Z">
          <reporter-output>
          </reporter-output>
        </test-method> <!-- beforeMethod -->
        <test-method status="PASS" signature="detach()[pri:0, instance:org.jpwh.test.simple.SimpleTransitions@9f70c54]" name="detach" duration-ms="6" started-at="2021-05-01T12:48:07Z" finished-at="2021-05-01T12:48:07Z">
          <reporter-output>
          </reporter-output>
        </test-method> <!-- detach -->
        <test-method status="PASS" signature="afterMethod()[pri:0, instance:org.jpwh.test.simple.SimpleTransitions@9f70c54]" name="afterMethod" is-config="true" duration-ms="39" started-at="2021-05-01T12:48:07Z" finished-at="2021-05-01T12:48:07Z">
          <reporter-output>
          </reporter-output>
        </test-method> <!-- afterMethod -->
        <test-method status="PASS" signature="beforeMethod()[pri:0, instance:org.jpwh.test.simple.SimpleTransitions@9f70c54]" name="beforeMethod" is-config="true" duration-ms="118" started-at="2021-05-01T12:48:07Z" finished-at="2021-05-01T12:48:07Z">
          <reporter-output>
          </reporter-output>
        </test-method> <!-- beforeMethod -->
        <test-method status="PASS" signature="flushModeType()[pri:0, instance:org.jpwh.test.simple.SimpleTransitions@9f70c54]" name="flushModeType" duration-ms="9" started-at="2021-05-01T12:48:07Z" finished-at="2021-05-01T12:48:07Z">
          <reporter-output>
          </reporter-output>
        </test-method> <!-- flushModeType -->
        <test-method status="PASS" signature="afterMethod()[pri:0, instance:org.jpwh.test.simple.SimpleTransitions@9f70c54]" name="afterMethod" is-config="true" duration-ms="48" started-at="2021-05-01T12:48:07Z" finished-at="2021-05-01T12:48:07Z">
          <reporter-output>
          </reporter-output>
        </test-method> <!-- afterMethod -->
        <test-method status="PASS" signature="beforeMethod()[pri:0, instance:org.jpwh.test.simple.SimpleTransitions@9f70c54]" name="beforeMethod" is-config="true" duration-ms="109" started-at="2021-05-01T12:48:07Z" finished-at="2021-05-01T12:48:08Z">
          <reporter-output>
          </reporter-output>
        </test-method> <!-- beforeMethod -->
        <test-method status="PASS" signature="makePersistent()[pri:0, instance:org.jpwh.test.simple.SimpleTransitions@9f70c54]" name="makePersistent" duration-ms="5" started-at="2021-05-01T12:48:08Z" finished-at="2021-05-01T12:48:08Z">
          <reporter-output>
          </reporter-output>
        </test-method> <!-- makePersistent -->
        <test-method status="PASS" signature="afterMethod()[pri:0, instance:org.jpwh.test.simple.SimpleTransitions@9f70c54]" name="afterMethod" is-config="true" duration-ms="52" started-at="2021-05-01T12:48:08Z" finished-at="2021-05-01T12:48:08Z">
          <reporter-output>
          </reporter-output>
        </test-method> <!-- afterMethod -->
        <test-method status="PASS" signature="beforeMethod()[pri:0, instance:org.jpwh.test.simple.SimpleTransitions@9f70c54]" name="beforeMethod" is-config="true" duration-ms="107" started-at="2021-05-01T12:48:08Z" finished-at="2021-05-01T12:48:08Z">
          <reporter-output>
          </reporter-output>
        </test-method> <!-- beforeMethod -->
        <test-method status="PASS" signature="makeTransient()[pri:0, instance:org.jpwh.test.simple.SimpleTransitions@9f70c54]" name="makeTransient" duration-ms="9" started-at="2021-05-01T12:48:08Z" finished-at="2021-05-01T12:48:08Z">
          <reporter-output>
          </reporter-output>
        </test-method> <!-- makeTransient -->
        <test-method status="PASS" signature="afterMethod()[pri:0, instance:org.jpwh.test.simple.SimpleTransitions@9f70c54]" name="afterMethod" is-config="true" duration-ms="34" started-at="2021-05-01T12:48:08Z" finished-at="2021-05-01T12:48:08Z">
          <reporter-output>
          </reporter-output>
        </test-method> <!-- afterMethod -->
        <test-method status="PASS" signature="beforeMethod()[pri:0, instance:org.jpwh.test.simple.SimpleTransitions@9f70c54]" name="beforeMethod" is-config="true" duration-ms="104" started-at="2021-05-01T12:48:08Z" finished-at="2021-05-01T12:48:08Z">
          <reporter-output>
          </reporter-output>
        </test-method> <!-- beforeMethod -->
        <test-method status="PASS" signature="mergeDetached()[pri:0, instance:org.jpwh.test.simple.SimpleTransitions@9f70c54]" name="mergeDetached" duration-ms="9" started-at="2021-05-01T12:48:08Z" finished-at="2021-05-01T12:48:08Z">
          <reporter-output>
          </reporter-output>
        </test-method> <!-- mergeDetached -->
        <test-method status="PASS" signature="afterMethod()[pri:0, instance:org.jpwh.test.simple.SimpleTransitions@9f70c54]" name="afterMethod" is-config="true" duration-ms="35" started-at="2021-05-01T12:48:08Z" finished-at="2021-05-01T12:48:08Z">
          <reporter-output>
          </reporter-output>
        </test-method> <!-- afterMethod -->
        <test-method status="PASS" signature="beforeMethod()[pri:0, instance:org.jpwh.test.simple.SimpleTransitions@9f70c54]" name="beforeMethod" is-config="true" duration-ms="104" started-at="2021-05-01T12:48:08Z" finished-at="2021-05-01T12:48:08Z">
          <reporter-output>
          </reporter-output>
        </test-method> <!-- beforeMethod -->
        <test-method status="PASS" signature="refresh()[pri:0, instance:org.jpwh.test.simple.SimpleTransitions@9f70c54]" name="refresh" duration-ms="33" started-at="2021-05-01T12:48:08Z" finished-at="2021-05-01T12:48:08Z">
          <reporter-output>
          </reporter-output>
        </test-method> <!-- refresh -->
        <test-method status="PASS" signature="afterMethod()[pri:0, instance:org.jpwh.test.simple.SimpleTransitions@9f70c54]" name="afterMethod" is-config="true" duration-ms="47" started-at="2021-05-01T12:48:08Z" finished-at="2021-05-01T12:48:08Z">
          <reporter-output>
          </reporter-output>
        </test-method> <!-- afterMethod -->
        <test-method status="PASS" signature="beforeMethod()[pri:0, instance:org.jpwh.test.simple.SimpleTransitions@9f70c54]" name="beforeMethod" is-config="true" duration-ms="175" started-at="2021-05-01T12:48:08Z" finished-at="2021-05-01T12:48:08Z">
          <reporter-output>
          </reporter-output>
        </test-method> <!-- beforeMethod -->
        <test-method status="PASS" signature="replicate()[pri:0, instance:org.jpwh.test.simple.SimpleTransitions@9f70c54]" name="replicate" duration-ms="11" started-at="2021-05-01T12:48:08Z" finished-at="2021-05-01T12:48:08Z">
          <reporter-output>
          </reporter-output>
        </test-method> <!-- replicate -->
        <test-method status="PASS" signature="afterMethod()[pri:0, instance:org.jpwh.test.simple.SimpleTransitions@9f70c54]" name="afterMethod" is-config="true" duration-ms="70" started-at="2021-05-01T12:48:08Z" finished-at="2021-05-01T12:48:08Z">
          <reporter-output>
          </reporter-output>
        </test-method> <!-- afterMethod -->
        <test-method status="PASS" signature="beforeMethod()[pri:0, instance:org.jpwh.test.simple.SimpleTransitions@9f70c54]" name="beforeMethod" is-config="true" duration-ms="99" started-at="2021-05-01T12:48:08Z" finished-at="2021-05-01T12:48:09Z">
          <reporter-output>
          </reporter-output>
        </test-method> <!-- beforeMethod -->
        <test-method status="PASS" signature="retrievePersistent()[pri:0, instance:org.jpwh.test.simple.SimpleTransitions@9f70c54]" name="retrievePersistent" duration-ms="8" started-at="2021-05-01T12:48:09Z" finished-at="2021-05-01T12:48:09Z">
          <reporter-output>
          </reporter-output>
        </test-method> <!-- retrievePersistent -->
        <test-method status="PASS" signature="afterMethod()[pri:0, instance:org.jpwh.test.simple.SimpleTransitions@9f70c54]" name="afterMethod" is-config="true" duration-ms="34" started-at="2021-05-01T12:48:09Z" finished-at="2021-05-01T12:48:09Z">
          <reporter-output>
          </reporter-output>
        </test-method> <!-- afterMethod -->
        <test-method status="PASS" signature="beforeMethod()[pri:0, instance:org.jpwh.test.simple.SimpleTransitions@9f70c54]" name="beforeMethod" is-config="true" duration-ms="97" started-at="2021-05-01T12:48:09Z" finished-at="2021-05-01T12:48:09Z">
          <reporter-output>
          </reporter-output>
        </test-method> <!-- beforeMethod -->
        <test-method status="PASS" signature="retrievePersistentReference()[pri:0, instance:org.jpwh.test.simple.SimpleTransitions@9f70c54]" name="retrievePersistentReference" duration-ms="4" started-at="2021-05-01T12:48:09Z" finished-at="2021-05-01T12:48:09Z">
          <exception class="org.hibernate.LazyInitializationException">
            <message>
              <![CDATA[could not initialize proxy - no Session]]>
            </message>
            <full-stacktrace>
              <![CDATA[org.hibernate.LazyInitializationException: could not initialize proxy - no Session
	at org.hibernate.proxy.AbstractLazyInitializer.initialize(AbstractLazyInitializer.java:148)
	at org.hibernate.proxy.AbstractLazyInitializer.getImplementation(AbstractLazyInitializer.java:266)
	at org.hibernate.proxy.pojo.javassist.JavassistLazyInitializer.invoke(JavassistLazyInitializer.java:68)
	at org.jpwh.model.simple.Item_$$_jvstba_1.getName(Item_$$_jvstba_1.java)
	at org.jpwh.test.simple.SimpleTransitions.retrievePersistentReference(SimpleTransitions.java:203)
	at sun.reflect.NativeMethodAccessorImpl.invoke0(Native Method)
	at sun.reflect.NativeMethodAccessorImpl.invoke(NativeMethodAccessorImpl.java:62)
	at sun.reflect.DelegatingMethodAccessorImpl.invoke(DelegatingMethodAccessorImpl.java:43)
	at java.lang.reflect.Method.invoke(Method.java:498)
	at org.testng.internal.MethodInvocationHelper.invokeMethod(MethodInvocationHelper.java:84)
	at org.testng.internal.Invoker.invokeMethod(Invoker.java:714)
	at org.testng.internal.Invoker.invokeTestMethod(Invoker.java:901)
	at org.testng.internal.Invoker.invokeTestMethods(Invoker.java:1231)
	at org.testng.internal.TestMethodWorker.invokeTestMethods(TestMethodWorker.java:127)
	at org.testng.internal.TestMethodWorker.run(TestMethodWorker.java:111)
	at org.testng.TestRunner.privateRun(TestRunner.java:767)
	at org.testng.TestRunner.run(TestRunner.java:617)
	at org.testng.SuiteRunner.runTest(SuiteRunner.java:334)
	at org.testng.SuiteRunner.runSequentially(SuiteRunner.java:329)
	at org.testng.SuiteRunner.privateRun(SuiteRunner.java:291)
	at org.testng.SuiteRunner.run(SuiteRunner.java:240)
	at org.testng.SuiteRunnerWorker.runSuite(SuiteRunnerWorker.java:52)
	at org.testng.SuiteRunnerWorker.run(SuiteRunnerWorker.java:86)
	at org.testng.TestNG.runSuitesSequentially(TestNG.java:1224)
	at org.testng.TestNG.runSuitesLocally(TestNG.java:1149)
	at org.testng.TestNG.run(TestNG.java:1057)
	at org.apache.maven.surefire.testng.TestNGExecutor.run(TestNGExecutor.java:122)
	at org.apache.maven.surefire.testng.TestNGXmlTestSuite.execute(TestNGXmlTestSuite.java:92)
	at org.apache.maven.surefire.testng.TestNGProvider.invoke(TestNGProvider.java:101)
	at sun.reflect.NativeMethodAccessorImpl.invoke0(Native Method)
	at sun.reflect.NativeMethodAccessorImpl.invoke(NativeMethodAccessorImpl.java:62)
	at sun.reflect.DelegatingMethodAccessorImpl.invoke(DelegatingMethodAccessorImpl.java:43)
	at java.lang.reflect.Method.invoke(Method.java:498)
	at org.apache.maven.surefire.util.ReflectionUtils.invokeMethodWithArray(ReflectionUtils.java:164)
	at org.apache.maven.surefire.booter.ProviderFactory$ProviderProxy.invoke(ProviderFactory.java:110)
	at org.apache.maven.surefire.booter.SurefireStarter.invokeProvider(SurefireStarter.java:172)
	at org.apache.maven.surefire.booter.SurefireStarter.runSuitesInProcessWhenForked(SurefireStarter.java:104)
	at org.apache.maven.surefire.booter.ForkedBooter.main(ForkedBooter.java:70)
]]>
            </full-stacktrace>
          </exception> <!-- org.hibernate.LazyInitializationException -->
          <reporter-output>
          </reporter-output>
        </test-method> <!-- retrievePersistentReference -->
        <test-method status="PASS" signature="afterMethod()[pri:0, instance:org.jpwh.test.simple.SimpleTransitions@9f70c54]" name="afterMethod" is-config="true" duration-ms="33" started-at="2021-05-01T12:48:09Z" finished-at="2021-05-01T12:48:09Z">
          <reporter-output>
          </reporter-output>
        </test-method> <!-- afterMethod -->
        <test-method status="PASS" signature="beforeMethod()[pri:0, instance:org.jpwh.test.simple.SimpleTransitions@9f70c54]" name="beforeMethod" is-config="true" duration-ms="97" started-at="2021-05-01T12:48:09Z" finished-at="2021-05-01T12:48:09Z">
          <reporter-output>
          </reporter-output>
        </test-method> <!-- beforeMethod -->
        <test-method status="PASS" signature="scopeOfIdentity()[pri:0, instance:org.jpwh.test.simple.SimpleTransitions@9f70c54]" name="scopeOfIdentity" duration-ms="6" started-at="2021-05-01T12:48:09Z" finished-at="2021-05-01T12:48:09Z">
          <reporter-output>
          </reporter-output>
        </test-method> <!-- scopeOfIdentity -->
        <test-method status="PASS" signature="afterMethod()[pri:0, instance:org.jpwh.test.simple.SimpleTransitions@9f70c54]" name="afterMethod" is-config="true" duration-ms="32" started-at="2021-05-01T12:48:09Z" finished-at="2021-05-01T12:48:09Z">
          <reporter-output>
          </reporter-output>
        </test-method> <!-- afterMethod -->
      </class> <!-- org.jpwh.test.simple.SimpleTransitions -->
      <class name="org.jpwh.test.simple.CRUDMetadataHBMXML">
        <test-method status="PASS" signature="beforeMethod()[pri:0, instance:org.jpwh.test.simple.CRUDMetadataHBMXML@61dc03ce]" name="beforeMethod" is-config="true" duration-ms="617" started-at="2021-05-01T12:48:09Z" finished-at="2021-05-01T12:48:10Z">
          <reporter-output>
          </reporter-output>
        </test-method> <!-- beforeMethod -->
        <test-method status="PASS" signature="beforeClass()[pri:0, instance:org.jpwh.test.simple.CRUDMetadataHBMXML@61dc03ce]" name="beforeClass" is-config="true" duration-ms="0" started-at="2021-05-01T12:48:09Z" finished-at="2021-05-01T12:48:09Z">
          <reporter-output>
          </reporter-output>
        </test-method> <!-- beforeClass -->
        <test-method status="PASS" signature="storeAndQueryItems()[pri:0, instance:org.jpwh.test.simple.CRUDMetadataHBMXML@61dc03ce]" name="storeAndQueryItems" duration-ms="8" started-at="2021-05-01T12:48:10Z" finished-at="2021-05-01T12:48:10Z">
          <reporter-output>
          </reporter-output>
        </test-method> <!-- storeAndQueryItems -->
        <test-method status="PASS" signature="afterMethod()[pri:0, instance:org.jpwh.test.simple.CRUDMetadataHBMXML@61dc03ce]" name="afterMethod" is-config="true" duration-ms="78" started-at="2021-05-01T12:48:10Z" finished-at="2021-05-01T12:48:10Z">
          <reporter-output>
          </reporter-output>
        </test-method> <!-- afterMethod -->
      </class> <!-- org.jpwh.test.simple.CRUDMetadataHBMXML -->
      <class name="org.jpwh.test.simple.AccessJPAMetamodel">
        <test-method status="PASS" signature="beforeMethod()[pri:0, instance:org.jpwh.test.simple.AccessJPAMetamodel@5a61f5df]" name="beforeMethod" is-config="true" duration-ms="127" started-at="2021-05-01T12:48:06Z" finished-at="2021-05-01T12:48:07Z">
          <reporter-output>
          </reporter-output>
        </test-method> <!-- beforeMethod -->
        <test-method status="PASS" signature="beforeClass()[pri:0, instance:org.jpwh.test.simple.AccessJPAMetamodel@5a61f5df]" name="beforeClass" is-config="true" duration-ms="0" started-at="2021-05-01T12:48:06Z" finished-at="2021-05-01T12:48:06Z">
          <reporter-output>
          </reporter-output>
        </test-method> <!-- beforeClass -->
        <test-method status="PASS" signature="accessDynamicMetamodel()[pri:0, instance:org.jpwh.test.simple.AccessJPAMetamodel@5a61f5df]" name="accessDynamicMetamodel" duration-ms="0" started-at="2021-05-01T12:48:07Z" finished-at="2021-05-01T12:48:07Z">
          <reporter-output>
          </reporter-output>
        </test-method> <!-- accessDynamicMetamodel -->
        <test-method status="PASS" signature="afterMethod()[pri:0, instance:org.jpwh.test.simple.AccessJPAMetamodel@5a61f5df]" name="afterMethod" is-config="true" duration-ms="59" started-at="2021-05-01T12:48:07Z" finished-at="2021-05-01T12:48:07Z">
          <reporter-output>
          </reporter-output>
        </test-method> <!-- afterMethod -->
        <test-method status="PASS" signature="beforeMethod()[pri:0, instance:org.jpwh.test.simple.AccessJPAMetamodel@5a61f5df]" name="beforeMethod" is-config="true" duration-ms="102" started-at="2021-05-01T12:48:07Z" finished-at="2021-05-01T12:48:07Z">
          <reporter-output>
          </reporter-output>
        </test-method> <!-- beforeMethod -->
        <test-method status="PASS" signature="accessStaticMetamodel()[pri:0, instance:org.jpwh.test.simple.AccessJPAMetamodel@5a61f5df]" name="accessStaticMetamodel" duration-ms="0" started-at="2021-05-01T12:48:07Z" finished-at="2021-05-01T12:48:07Z">
          <reporter-output>
          </reporter-output>
        </test-method> <!-- accessStaticMetamodel -->
        <test-method status="PASS" signature="afterMethod()[pri:0, instance:org.jpwh.test.simple.AccessJPAMetamodel@5a61f5df]" name="afterMethod" is-config="true" duration-ms="35" started-at="2021-05-01T12:48:07Z" finished-at="2021-05-01T12:48:07Z">
          <reporter-output>
          </reporter-output>
        </test-method> <!-- afterMethod -->
        <test-method status="PASS" signature="beforeMethod()[pri:0, instance:org.jpwh.test.simple.AccessJPAMetamodel@5a61f5df]" name="beforeMethod" is-config="true" duration-ms="97" started-at="2021-05-01T12:48:07Z" finished-at="2021-05-01T12:48:07Z">
          <reporter-output>
          </reporter-output>
        </test-method> <!-- beforeMethod -->
        <test-method status="PASS" signature="queryStaticMetamodel()[pri:0, instance:org.jpwh.test.simple.AccessJPAMetamodel@5a61f5df]" name="queryStaticMetamodel" duration-ms="30" started-at="2021-05-01T12:48:07Z" finished-at="2021-05-01T12:48:07Z">
          <reporter-output>
          </reporter-output>
        </test-method> <!-- queryStaticMetamodel -->
        <test-method status="PASS" signature="afterMethod()[pri:0, instance:org.jpwh.test.simple.AccessJPAMetamodel@5a61f5df]" name="afterMethod" is-config="true" duration-ms="33" started-at="2021-05-01T12:48:07Z" finished-at="2021-05-01T12:48:07Z">
          <reporter-output>
          </reporter-output>
        </test-method> <!-- afterMethod -->
      </class> <!-- org.jpwh.test.simple.AccessJPAMetamodel -->
      <class name="org.jpwh.test.simple.MappingManyToOne">
        <test-method status="PASS" signature="beforeClass()[pri:0, instance:org.jpwh.test.simple.MappingManyToOne@531be3c5]" name="beforeClass" is-config="true" duration-ms="0" started-at="2021-05-01T12:48:06Z" finished-at="2021-05-01T12:48:06Z">
          <reporter-output>
          </reporter-output>
        </test-method> <!-- beforeClass -->
        <test-method status="PASS" signature="beforeMethod()[pri:0, instance:org.jpwh.test.simple.MappingManyToOne@531be3c5]" name="beforeMethod" is-config="true" duration-ms="224" started-at="2021-05-01T12:48:06Z" finished-at="2021-05-01T12:48:06Z">
          <reporter-output>
          </reporter-output>
        </test-method> <!-- beforeMethod -->
        <test-method status="PASS" signature="storeAndLoadBids()[pri:0, instance:org.jpwh.test.simple.MappingManyToOne@531be3c5]" name="storeAndLoadBids" duration-ms="21" started-at="2021-05-01T12:48:06Z" finished-at="2021-05-01T12:48:06Z">
          <reporter-output>
          </reporter-output>
        </test-method> <!-- storeAndLoadBids -->
        <test-method status="PASS" signature="afterMethod()[pri:0, instance:org.jpwh.test.simple.MappingManyToOne@531be3c5]" name="afterMethod" is-config="true" duration-ms="59" started-at="2021-05-01T12:48:06Z" finished-at="2021-05-01T12:48:06Z">
          <reporter-output>
          </reporter-output>
        </test-method> <!-- afterMethod -->
      </class> <!-- org.jpwh.test.simple.MappingManyToOne -->
      <class name="org.jpwh.test.simple.ModelOperations">
        <test-method status="PASS" signature="linkBidAndItem()[pri:0, instance:org.jpwh.test.simple.ModelOperations@36f6e879]" name="linkBidAndItem" duration-ms="1" started-at="2021-05-01T12:48:09Z" finished-at="2021-05-01T12:48:09Z">
          <reporter-output>
          </reporter-output>
        </test-method> <!-- linkBidAndItem -->
        <test-method status="PASS" signature="validateItem()[pri:0, instance:org.jpwh.test.simple.ModelOperations@36f6e879]" name="validateItem" duration-ms="242" started-at="2021-05-01T12:48:09Z" finished-at="2021-05-01T12:48:09Z">
          <reporter-output>
          </reporter-output>
        </test-method> <!-- validateItem -->
      </class> <!-- org.jpwh.test.simple.ModelOperations -->
      <class name="org.jpwh.test.simple.CRUDMetadataOverrideXML">
        <test-method status="PASS" signature="beforeMethod()[pri:0, instance:org.jpwh.test.simple.CRUDMetadataOverrideXML@3551a94]" name="beforeMethod" is-config="true" duration-ms="189" started-at="2021-05-01T12:48:06Z" finished-at="2021-05-01T12:48:06Z">
          <reporter-output>
          </reporter-output>
        </test-method> <!-- beforeMethod -->
        <test-method status="PASS" signature="beforeClass()[pri:0, instance:org.jpwh.test.simple.CRUDMetadataOverrideXML@3551a94]" name="beforeClass" is-config="true" duration-ms="0" started-at="2021-05-01T12:48:06Z" finished-at="2021-05-01T12:48:06Z">
          <reporter-output>
          </reporter-output>
        </test-method> <!-- beforeClass -->
        <test-method status="PASS" signature="afterMethod()[pri:0, instance:org.jpwh.test.simple.CRUDMetadataOverrideXML@3551a94]" name="afterMethod" is-config="true" duration-ms="62" started-at="2021-05-01T12:48:06Z" finished-at="2021-05-01T12:48:06Z">
          <reporter-output>
          </reporter-output>
        </test-method> <!-- afterMethod -->
        <test-method status="PASS" signature="checkMetadataOverride()[pri:0, instance:org.jpwh.test.simple.CRUDMetadataOverrideXML@3551a94]" name="checkMetadataOverride" duration-ms="0" started-at="2021-05-01T12:48:06Z" finished-at="2021-05-01T12:48:06Z">
          <reporter-output>
          </reporter-output>
        </test-method> <!-- checkMetadataOverride -->
        <test-method status="PASS" signature="beforeMethod()[pri:0, instance:org.jpwh.test.simple.CRUDMetadataOverrideXML@3551a94]" name="beforeMethod" is-config="true" duration-ms="156" started-at="2021-05-01T12:48:06Z" finished-at="2021-05-01T12:48:06Z">
          <reporter-output>
          </reporter-output>
        </test-method> <!-- beforeMethod -->
        <test-method status="PASS" signature="storeAndQueryItems()[pri:0, instance:org.jpwh.test.simple.CRUDMetadataOverrideXML@3551a94]" name="storeAndQueryItems" duration-ms="11" started-at="2021-05-01T12:48:06Z" finished-at="2021-05-01T12:48:06Z">
          <reporter-output>
          </reporter-output>
        </test-method> <!-- storeAndQueryItems -->
        <test-method status="PASS" signature="afterMethod()[pri:0, instance:org.jpwh.test.simple.CRUDMetadataOverrideXML@3551a94]" name="afterMethod" is-config="true" duration-ms="48" started-at="2021-05-01T12:48:06Z" finished-at="2021-05-01T12:48:06Z">
          <reporter-output>
          </reporter-output>
        </test-method> <!-- afterMethod -->
      </class> <!-- org.jpwh.test.simple.CRUDMetadataOverrideXML -->
      <class name="org.jpwh.test.simple.MappingEmbeddables">
        <test-method status="PASS" signature="beforeMethod()[pri:0, instance:org.jpwh.test.simple.MappingEmbeddables@737996a0]" name="beforeMethod" is-config="true" duration-ms="100" started-at="2021-05-01T12:48:09Z" finished-at="2021-05-01T12:48:09Z">
          <reporter-output>
          </reporter-output>
        </test-method> <!-- beforeMethod -->
        <test-method status="PASS" signature="beforeClass()[pri:0, instance:org.jpwh.test.simple.MappingEmbeddables@737996a0]" name="beforeClass" is-config="true" duration-ms="0" started-at="2021-05-01T12:48:09Z" finished-at="2021-05-01T12:48:09Z">
          <reporter-output>
          </reporter-output>
        </test-method> <!-- beforeClass -->
        <test-method status="PASS" signature="storeAndLoadInvalidUsers()[pri:0, instance:org.jpwh.test.simple.MappingEmbeddables@737996a0]" name="storeAndLoadInvalidUsers" duration-ms="11" started-at="2021-05-01T12:48:09Z" finished-at="2021-05-01T12:48:09Z">
          <exception class="org.hibernate.exception.ConstraintViolationException">
            <message>
              <![CDATA[could not execute statement]]>
            </message>
            <full-stacktrace>
              <![CDATA[org.hibernate.exception.ConstraintViolationException: could not execute statement
	at org.hibernate.exception.internal.SQLStateConversionDelegate.convert(SQLStateConversionDelegate.java:112)
	at org.hibernate.exception.internal.StandardSQLExceptionConverter.convert(StandardSQLExceptionConverter.java:42)
	at org.hibernate.engine.jdbc.spi.SqlExceptionHelper.convert(SqlExceptionHelper.java:109)
	at org.hibernate.engine.jdbc.spi.SqlExceptionHelper.convert(SqlExceptionHelper.java:95)
	at org.hibernate.engine.jdbc.internal.ResultSetReturnImpl.executeUpdate(ResultSetReturnImpl.java:207)
	at org.hibernate.engine.jdbc.batch.internal.NonBatchingBatch.addToBatch(NonBatchingBatch.java:45)
	at org.hibernate.persister.entity.AbstractEntityPersister.insert(AbstractEntityPersister.java:2823)
	at org.hibernate.persister.entity.AbstractEntityPersister.insert(AbstractEntityPersister.java:3323)
	at org.hibernate.action.internal.EntityInsertAction.execute(EntityInsertAction.java:89)
	at org.hibernate.engine.spi.ActionQueue.executeActions(ActionQueue.java:447)
	at org.hibernate.engine.spi.ActionQueue.executeActions(ActionQueue.java:333)
	at org.hibernate.event.internal.AbstractFlushingEventListener.performExecutions(AbstractFlushingEventListener.java:335)
	at org.hibernate.event.internal.DefaultFlushEventListener.onFlush(DefaultFlushEventListener.java:39)
	at org.hibernate.internal.SessionImpl.flush(SessionImpl.java:1224)
	at org.hibernate.jpa.spi.AbstractEntityManagerImpl.flush(AbstractEntityManagerImpl.java:1300)
	at org.jpwh.test.simple.MappingEmbeddables.storeAndLoadInvalidUsers(MappingEmbeddables.java:73)
	at sun.reflect.NativeMethodAccessorImpl.invoke0(Native Method)
	at sun.reflect.NativeMethodAccessorImpl.invoke(NativeMethodAccessorImpl.java:62)
	at sun.reflect.DelegatingMethodAccessorImpl.invoke(DelegatingMethodAccessorImpl.java:43)
	at java.lang.reflect.Method.invoke(Method.java:498)
	at org.testng.internal.MethodInvocationHelper.invokeMethod(MethodInvocationHelper.java:84)
	at org.testng.internal.Invoker.invokeMethod(Invoker.java:714)
	at org.testng.internal.Invoker.invokeTestMethod(Invoker.java:901)
	at org.testng.internal.Invoker.invokeTestMethods(Invoker.java:1231)
	at org.testng.internal.TestMethodWorker.invokeTestMethods(TestMethodWorker.java:127)
	at org.testng.internal.TestMethodWorker.run(TestMethodWorker.java:111)
	at org.testng.TestRunner.privateRun(TestRunner.java:767)
	at org.testng.TestRunner.run(TestRunner.java:617)
	at org.testng.SuiteRunner.runTest(SuiteRunner.java:334)
	at org.testng.SuiteRunner.runSequentially(SuiteRunner.java:329)
	at org.testng.SuiteRunner.privateRun(SuiteRunner.java:291)
	at org.testng.SuiteRunner.run(SuiteRunner.java:240)
	at org.testng.SuiteRunnerWorker.runSuite(SuiteRunnerWorker.java:52)
	at org.testng.SuiteRunnerWorker.run(SuiteRunnerWorker.java:86)
	at org.testng.TestNG.runSuitesSequentially(TestNG.java:1224)
	at org.testng.TestNG.runSuitesLocally(TestNG.java:1149)
	at org.testng.TestNG.run(TestNG.java:1057)
	at org.apache.maven.surefire.testng.TestNGExecutor.run(TestNGExecutor.java:122)
	at org.apache.maven.surefire.testng.TestNGXmlTestSuite.execute(TestNGXmlTestSuite.java:92)
	at org.apache.maven.surefire.testng.TestNGProvider.invoke(TestNGProvider.java:101)
	at sun.reflect.NativeMethodAccessorImpl.invoke0(Native Method)
	at sun.reflect.NativeMethodAccessorImpl.invoke(NativeMethodAccessorImpl.java:62)
	at sun.reflect.DelegatingMethodAccessorImpl.invoke(DelegatingMethodAccessorImpl.java:43)
	at java.lang.reflect.Method.invoke(Method.java:498)
	at org.apache.maven.surefire.util.ReflectionUtils.invokeMethodWithArray(ReflectionUtils.java:164)
	at org.apache.maven.surefire.booter.ProviderFactory$ProviderProxy.invoke(ProviderFactory.java:110)
	at org.apache.maven.surefire.booter.SurefireStarter.invokeProvider(SurefireStarter.java:172)
	at org.apache.maven.surefire.booter.SurefireStarter.runSuitesInProcessWhenForked(SurefireStarter.java:104)
	at org.apache.maven.surefire.booter.ForkedBooter.main(ForkedBooter.java:70)
Caused by: org.h2.jdbc.JdbcSQLException: Значение NULL не разрешено для поля "CITY"
NULL not allowed for column "CITY"; SQL statement:
/* insert org.jpwh.model.simple.User */ insert into USERS (BILLING_CITY, BILLING_STREET, BILLING_ZIPCODE, city, street, zipcode, username, id) values (?, ?, ?, ?, ?, ?, ?, ?) [23502-171]
	at org.h2.message.DbException.getJdbcSQLException(DbException.java:329)
	at org.h2.message.DbException.get(DbException.java:169)
	at org.h2.message.DbException.get(DbException.java:146)
	at org.h2.table.Column.validateConvertUpdateSequence(Column.java:293)
	at org.h2.table.Table.validateConvertUpdateSequence(Table.java:692)
	at org.h2.command.dml.Insert.insertRows(Insert.java:120)
	at org.h2.command.dml.Insert.update(Insert.java:84)
	at org.h2.command.CommandContainer.update(CommandContainer.java:75)
	at org.h2.command.Command.executeUpdate(Command.java:230)
	at org.h2.jdbc.JdbcPreparedStatement.executeUpdateInternal(JdbcPreparedStatement.java:156)
	at org.h2.jdbc.JdbcPreparedStatement.executeUpdate(JdbcPreparedStatement.java:142)
	at sun.reflect.GeneratedMethodAccessor45.invoke(Unknown Source)
	at sun.reflect.DelegatingMethodAccessorImpl.invoke(DelegatingMethodAccessorImpl.java:43)
	at java.lang.reflect.Method.invoke(Method.java:498)
	at bitronix.tm.resource.jdbc.BaseProxyHandlerClass.invoke(BaseProxyHandlerClass.java:64)
	at com.sun.proxy.$Proxy18.executeUpdate(Unknown Source)
	at org.hibernate.engine.jdbc.internal.ResultSetReturnImpl.executeUpdate(ResultSetReturnImpl.java:204)
	... 44 more
]]>
            </full-stacktrace>
          </exception> <!-- org.hibernate.exception.ConstraintViolationException -->
          <reporter-output>
          </reporter-output>
        </test-method> <!-- storeAndLoadInvalidUsers -->
        <test-method status="PASS" signature="afterMethod()[pri:0, instance:org.jpwh.test.simple.MappingEmbeddables@737996a0]" name="afterMethod" is-config="true" duration-ms="33" started-at="2021-05-01T12:48:09Z" finished-at="2021-05-01T12:48:09Z">
          <reporter-output>
          </reporter-output>
        </test-method> <!-- afterMethod -->
        <test-method status="PASS" signature="beforeMethod()[pri:0, instance:org.jpwh.test.simple.MappingEmbeddables@737996a0]" name="beforeMethod" is-config="true" duration-ms="95" started-at="2021-05-01T12:48:09Z" finished-at="2021-05-01T12:48:09Z">
          <reporter-output>
          </reporter-output>
        </test-method> <!-- beforeMethod -->
        <test-method status="PASS" signature="storeAndLoadUsers()[pri:0, instance:org.jpwh.test.simple.MappingEmbeddables@737996a0]" name="storeAndLoadUsers" duration-ms="4" started-at="2021-05-01T12:48:09Z" finished-at="2021-05-01T12:48:09Z">
          <reporter-output>
          </reporter-output>
        </test-method> <!-- storeAndLoadUsers -->
        <test-method status="PASS" signature="afterMethod()[pri:0, instance:org.jpwh.test.simple.MappingEmbeddables@737996a0]" name="afterMethod" is-config="true" duration-ms="31" started-at="2021-05-01T12:48:09Z" finished-at="2021-05-01T12:48:09Z">
          <reporter-output>
          </reporter-output>
        </test-method> <!-- afterMethod -->
      </class> <!-- org.jpwh.test.simple.MappingEmbeddables -->
    </test> <!-- Simple Mappings -->
    <test name="Inheritance Mappings" duration-ms="5905" started-at="2021-05-01T09:48:10Z" finished-at="2021-05-01T09:48:16Z">
      <class name="org.jpwh.test.inheritance.Joined">
        <test-method status="PASS" signature="beforeClass()[pri:0, instance:org.jpwh.test.inheritance.Joined@2669b199]" name="beforeClass" is-config="true" duration-ms="0" started-at="2021-05-01T12:48:12Z" finished-at="2021-05-01T12:48:12Z">
          <reporter-output>
          </reporter-output>
        </test-method> <!-- beforeClass -->
        <test-method status="PASS" signature="beforeMethod()[pri:0, instance:org.jpwh.test.inheritance.Joined@2669b199]" name="beforeMethod" is-config="true" duration-ms="89" started-at="2021-05-01T12:48:12Z" finished-at="2021-05-01T12:48:12Z">
          <reporter-output>
          </reporter-output>
        </test-method> <!-- beforeMethod -->
        <test-method status="PASS" signature="storeBillingDetailsLoadCreditCards()[pri:0, instance:org.jpwh.test.inheritance.Joined@2669b199]" name="storeBillingDetailsLoadCreditCards" duration-ms="7" started-at="2021-05-01T12:48:12Z" finished-at="2021-05-01T12:48:12Z">
          <reporter-output>
          </reporter-output>
        </test-method> <!-- storeBillingDetailsLoadCreditCards -->
        <test-method status="PASS" signature="afterMethod()[pri:0, instance:org.jpwh.test.inheritance.Joined@2669b199]" name="afterMethod" is-config="true" duration-ms="28" started-at="2021-05-01T12:48:12Z" finished-at="2021-05-01T12:48:12Z">
          <reporter-output>
          </reporter-output>
        </test-method> <!-- afterMethod -->
        <test-method status="PASS" signature="beforeMethod()[pri:0, instance:org.jpwh.test.inheritance.Joined@2669b199]" name="beforeMethod" is-config="true" duration-ms="80" started-at="2021-05-01T12:48:12Z" finished-at="2021-05-01T12:48:12Z">
          <reporter-output>
          </reporter-output>
        </test-method> <!-- beforeMethod -->
        <test-method status="PASS" signature="jdbcBillingDetailsSqlQuery()[pri:0, instance:org.jpwh.test.inheritance.Joined@2669b199]" name="jdbcBillingDetailsSqlQuery" duration-ms="7" started-at="2021-05-01T12:48:12Z" finished-at="2021-05-01T12:48:12Z">
          <reporter-output>
          </reporter-output>
        </test-method> <!-- jdbcBillingDetailsSqlQuery -->
        <test-method status="PASS" signature="afterMethod()[pri:0, instance:org.jpwh.test.inheritance.Joined@2669b199]" name="afterMethod" is-config="true" duration-ms="27" started-at="2021-05-01T12:48:12Z" finished-at="2021-05-01T12:48:12Z">
          <reporter-output>
          </reporter-output>
        </test-method> <!-- afterMethod -->
        <test-method status="PASS" signature="beforeMethod()[pri:0, instance:org.jpwh.test.inheritance.Joined@2669b199]" name="beforeMethod" is-config="true" duration-ms="82" started-at="2021-05-01T12:48:12Z" finished-at="2021-05-01T12:48:12Z">
          <reporter-output>
          </reporter-output>
        </test-method> <!-- beforeMethod -->
        <test-method status="PASS" signature="jdbcCreditCardSqlQuery()[pri:0, instance:org.jpwh.test.inheritance.Joined@2669b199]" name="jdbcCreditCardSqlQuery" duration-ms="7" started-at="2021-05-01T12:48:12Z" finished-at="2021-05-01T12:48:12Z">
          <reporter-output>
          </reporter-output>
        </test-method> <!-- jdbcCreditCardSqlQuery -->
        <test-method status="PASS" signature="afterMethod()[pri:0, instance:org.jpwh.test.inheritance.Joined@2669b199]" name="afterMethod" is-config="true" duration-ms="30" started-at="2021-05-01T12:48:12Z" finished-at="2021-05-01T12:48:12Z">
          <reporter-output>
          </reporter-output>
        </test-method> <!-- afterMethod -->
        <test-method status="PASS" signature="beforeMethod()[pri:0, instance:org.jpwh.test.inheritance.Joined@2669b199]" name="beforeMethod" is-config="true" duration-ms="108" started-at="2021-05-01T12:48:12Z" finished-at="2021-05-01T12:48:12Z">
          <reporter-output>
          </reporter-output>
        </test-method> <!-- beforeMethod -->
        <test-method status="PASS" signature="storeLoadBillingDetails()[pri:0, instance:org.jpwh.test.inheritance.Joined@2669b199]" name="storeLoadBillingDetails" duration-ms="7" started-at="2021-05-01T12:48:12Z" finished-at="2021-05-01T12:48:12Z">
          <reporter-output>
          </reporter-output>
        </test-method> <!-- storeLoadBillingDetails -->
        <test-method status="PASS" signature="afterMethod()[pri:0, instance:org.jpwh.test.inheritance.Joined@2669b199]" name="afterMethod" is-config="true" duration-ms="39" started-at="2021-05-01T12:48:12Z" finished-at="2021-05-01T12:48:12Z">
          <reporter-output>
          </reporter-output>
        </test-method> <!-- afterMethod -->
      </class> <!-- org.jpwh.test.inheritance.Joined -->
      <class name="org.jpwh.test.inheritance.PolymorphicOneToMany">
        <test-method status="PASS" signature="beforeClass()[pri:0, instance:org.jpwh.test.inheritance.PolymorphicOneToMany@6574b225]" name="beforeClass" is-config="true" duration-ms="0" started-at="2021-05-01T12:48:12Z" finished-at="2021-05-01T12:48:12Z">
          <reporter-output>
          </reporter-output>
        </test-method> <!-- beforeClass -->
        <test-method status="PASS" signature="beforeMethod()[pri:0, instance:org.jpwh.test.inheritance.PolymorphicOneToMany@6574b225]" name="beforeMethod" is-config="true" duration-ms="129" started-at="2021-05-01T12:48:12Z" finished-at="2021-05-01T12:48:12Z">
          <reporter-output>
          </reporter-output>
        </test-method> <!-- beforeMethod -->
        <test-method status="PASS" signature="storeAndLoadItemBids()[pri:0, instance:org.jpwh.test.inheritance.PolymorphicOneToMany@6574b225]" name="storeAndLoadItemBids" duration-ms="22" started-at="2021-05-01T12:48:12Z" finished-at="2021-05-01T12:48:12Z">
          <reporter-output>
          </reporter-output>
        </test-method> <!-- storeAndLoadItemBids -->
        <test-method status="PASS" signature="afterMethod()[pri:0, instance:org.jpwh.test.inheritance.PolymorphicOneToMany@6574b225]" name="afterMethod" is-config="true" duration-ms="31" started-at="2021-05-01T12:48:12Z" finished-at="2021-05-01T12:48:12Z">
          <reporter-output>
          </reporter-output>
        </test-method> <!-- afterMethod -->
      </class> <!-- org.jpwh.test.inheritance.PolymorphicOneToMany -->
      <class name="org.jpwh.test.inheritance.TablePerClass">
        <test-method status="PASS" signature="beforeClass()[pri:0, instance:org.jpwh.test.inheritance.TablePerClass@b97c004]" name="beforeClass" is-config="true" duration-ms="1" started-at="2021-05-01T12:48:16Z" finished-at="2021-05-01T12:48:16Z">
          <reporter-output>
          </reporter-output>
        </test-method> <!-- beforeClass -->
        <test-method status="PASS" signature="beforeMethod()[pri:0, instance:org.jpwh.test.inheritance.TablePerClass@b97c004]" name="beforeMethod" is-config="true" duration-ms="82" started-at="2021-05-01T12:48:16Z" finished-at="2021-05-01T12:48:16Z">
          <reporter-output>
          </reporter-output>
        </test-method> <!-- beforeMethod -->
        <test-method status="PASS" signature="storeBillingDetailsLoadCreditCards()[pri:0, instance:org.jpwh.test.inheritance.TablePerClass@b97c004]" name="storeBillingDetailsLoadCreditCards" duration-ms="7" started-at="2021-05-01T12:48:16Z" finished-at="2021-05-01T12:48:16Z">
          <reporter-output>
          </reporter-output>
        </test-method> <!-- storeBillingDetailsLoadCreditCards -->
        <test-method status="PASS" signature="afterMethod()[pri:0, instance:org.jpwh.test.inheritance.TablePerClass@b97c004]" name="afterMethod" is-config="true" duration-ms="25" started-at="2021-05-01T12:48:16Z" finished-at="2021-05-01T12:48:16Z">
          <reporter-output>
          </reporter-output>
        </test-method> <!-- afterMethod -->
        <test-method status="PASS" signature="beforeMethod()[pri:0, instance:org.jpwh.test.inheritance.TablePerClass@b97c004]" name="beforeMethod" is-config="true" duration-ms="76" started-at="2021-05-01T12:48:16Z" finished-at="2021-05-01T12:48:16Z">
          <reporter-output>
          </reporter-output>
        </test-method> <!-- beforeMethod -->
        <test-method status="PASS" signature="jdbcBillingDetailsSqlQuery()[pri:0, instance:org.jpwh.test.inheritance.TablePerClass@b97c004]" name="jdbcBillingDetailsSqlQuery" duration-ms="7" started-at="2021-05-01T12:48:16Z" finished-at="2021-05-01T12:48:16Z">
          <reporter-output>
          </reporter-output>
        </test-method> <!-- jdbcBillingDetailsSqlQuery -->
        <test-method status="PASS" signature="afterMethod()[pri:0, instance:org.jpwh.test.inheritance.TablePerClass@b97c004]" name="afterMethod" is-config="true" duration-ms="27" started-at="2021-05-01T12:48:16Z" finished-at="2021-05-01T12:48:16Z">
          <reporter-output>
          </reporter-output>
        </test-method> <!-- afterMethod -->
        <test-method status="PASS" signature="beforeMethod()[pri:0, instance:org.jpwh.test.inheritance.TablePerClass@b97c004]" name="beforeMethod" is-config="true" duration-ms="79" started-at="2021-05-01T12:48:16Z" finished-at="2021-05-01T12:48:16Z">
          <reporter-output>
          </reporter-output>
        </test-method> <!-- beforeMethod -->
        <test-method status="PASS" signature="storeLoadBillingDetails()[pri:0, instance:org.jpwh.test.inheritance.TablePerClass@b97c004]" name="storeLoadBillingDetails" duration-ms="6" started-at="2021-05-01T12:48:16Z" finished-at="2021-05-01T12:48:16Z">
          <reporter-output>
          </reporter-output>
        </test-method> <!-- storeLoadBillingDetails -->
        <test-method status="PASS" signature="afterMethod()[pri:0, instance:org.jpwh.test.inheritance.TablePerClass@b97c004]" name="afterMethod" is-config="true" duration-ms="25" started-at="2021-05-01T12:48:16Z" finished-at="2021-05-01T12:48:16Z">
          <reporter-output>
          </reporter-output>
        </test-method> <!-- afterMethod -->
      </class> <!-- org.jpwh.test.inheritance.TablePerClass -->
      <class name="org.jpwh.test.inheritance.Embeddable">
        <test-method status="PASS" signature="beforeClass()[pri:0, instance:org.jpwh.test.inheritance.Embeddable@5056dfcb]" name="beforeClass" is-config="true" duration-ms="0" started-at="2021-05-01T12:48:11Z" finished-at="2021-05-01T12:48:11Z">
          <reporter-output>
          </reporter-output>
        </test-method> <!-- beforeClass -->
        <test-method status="PASS" signature="beforeMethod()[pri:0, instance:org.jpwh.test.inheritance.Embeddable@5056dfcb]" name="beforeMethod" is-config="true" duration-ms="82" started-at="2021-05-01T12:48:11Z" finished-at="2021-05-01T12:48:11Z">
          <reporter-output>
          </reporter-output>
        </test-method> <!-- beforeMethod -->
        <test-method status="PASS" signature="storeAndLoad()[pri:0, instance:org.jpwh.test.inheritance.Embeddable@5056dfcb]" name="storeAndLoad" duration-ms="8" started-at="2021-05-01T12:48:11Z" finished-at="2021-05-01T12:48:11Z">
          <reporter-output>
          </reporter-output>
        </test-method> <!-- storeAndLoad -->
        <test-method status="PASS" signature="afterMethod()[pri:0, instance:org.jpwh.test.inheritance.Embeddable@5056dfcb]" name="afterMethod" is-config="true" duration-ms="25" started-at="2021-05-01T12:48:11Z" finished-at="2021-05-01T12:48:12Z">
          <reporter-output>
          </reporter-output>
        </test-method> <!-- afterMethod -->
      </class> <!-- org.jpwh.test.inheritance.Embeddable -->
      <class name="org.jpwh.test.inheritance.MixedFetchSelect">
        <test-method status="PASS" signature="beforeClass()[pri:0, instance:org.jpwh.test.inheritance.MixedFetchSelect@5cc7c2a6]" name="beforeClass" is-config="true" duration-ms="1" started-at="2021-05-01T12:48:13Z" finished-at="2021-05-01T12:48:13Z">
          <reporter-output>
          </reporter-output>
        </test-method> <!-- beforeClass -->
        <test-method status="PASS" signature="beforeMethod()[pri:0, instance:org.jpwh.test.inheritance.MixedFetchSelect@5cc7c2a6]" name="beforeMethod" is-config="true" duration-ms="706" started-at="2021-05-01T12:48:13Z" finished-at="2021-05-01T12:48:13Z">
          <reporter-output>
          </reporter-output>
        </test-method> <!-- beforeMethod -->
        <test-method status="PASS" signature="storeBillingDetailsLoadCreditCards()[pri:0, instance:org.jpwh.test.inheritance.MixedFetchSelect@5cc7c2a6]" name="storeBillingDetailsLoadCreditCards" duration-ms="6" started-at="2021-05-01T12:48:13Z" finished-at="2021-05-01T12:48:13Z">
          <reporter-output>
          </reporter-output>
        </test-method> <!-- storeBillingDetailsLoadCreditCards -->
        <test-method status="PASS" signature="afterMethod()[pri:0, instance:org.jpwh.test.inheritance.MixedFetchSelect@5cc7c2a6]" name="afterMethod" is-config="true" duration-ms="224" started-at="2021-05-01T12:48:13Z" finished-at="2021-05-01T12:48:14Z">
          <reporter-output>
          </reporter-output>
        </test-method> <!-- afterMethod -->
        <test-method status="PASS" signature="beforeMethod()[pri:0, instance:org.jpwh.test.inheritance.MixedFetchSelect@5cc7c2a6]" name="beforeMethod" is-config="true" duration-ms="656" started-at="2021-05-01T12:48:14Z" finished-at="2021-05-01T12:48:14Z">
          <reporter-output>
          </reporter-output>
        </test-method> <!-- beforeMethod -->
        <test-method status="PASS" signature="jdbcBillingDetailsSqlQuery()[pri:0, instance:org.jpwh.test.inheritance.MixedFetchSelect@5cc7c2a6]" name="jdbcBillingDetailsSqlQuery" duration-ms="6" started-at="2021-05-01T12:48:14Z" finished-at="2021-05-01T12:48:14Z">
          <reporter-output>
          </reporter-output>
        </test-method> <!-- jdbcBillingDetailsSqlQuery -->
        <test-method status="PASS" signature="afterMethod()[pri:0, instance:org.jpwh.test.inheritance.MixedFetchSelect@5cc7c2a6]" name="afterMethod" is-config="true" duration-ms="243" started-at="2021-05-01T12:48:14Z" finished-at="2021-05-01T12:48:14Z">
          <reporter-output>
          </reporter-output>
        </test-method> <!-- afterMethod -->
        <test-method status="PASS" signature="beforeMethod()[pri:0, instance:org.jpwh.test.inheritance.MixedFetchSelect@5cc7c2a6]" name="beforeMethod" is-config="true" duration-ms="1031" started-at="2021-05-01T12:48:14Z" finished-at="2021-05-01T12:48:15Z">
          <reporter-output>
          </reporter-output>
        </test-method> <!-- beforeMethod -->
        <test-method status="PASS" signature="storeLoadBillingDetails()[pri:0, instance:org.jpwh.test.inheritance.MixedFetchSelect@5cc7c2a6]" name="storeLoadBillingDetails" duration-ms="10" started-at="2021-05-01T12:48:15Z" finished-at="2021-05-01T12:48:15Z">
          <reporter-output>
          </reporter-output>
        </test-method> <!-- storeLoadBillingDetails -->
        <test-method status="PASS" signature="afterMethod()[pri:0, instance:org.jpwh.test.inheritance.MixedFetchSelect@5cc7c2a6]" name="afterMethod" is-config="true" duration-ms="289" started-at="2021-05-01T12:48:15Z" finished-at="2021-05-01T12:48:16Z">
          <reporter-output>
          </reporter-output>
        </test-method> <!-- afterMethod -->
      </class> <!-- org.jpwh.test.inheritance.MixedFetchSelect -->
      <class name="org.jpwh.test.inheritance.MappedSuperclass">
        <test-method status="PASS" signature="beforeClass()[pri:0, instance:org.jpwh.test.inheritance.MappedSuperclass@458ad742]" name="beforeClass" is-config="true" duration-ms="1" started-at="2021-05-01T12:48:10Z" finished-at="2021-05-01T12:48:10Z">
          <reporter-output>
          </reporter-output>
        </test-method> <!-- beforeClass -->
        <test-method status="PASS" signature="beforeMethod()[pri:0, instance:org.jpwh.test.inheritance.MappedSuperclass@458ad742]" name="beforeMethod" is-config="true" duration-ms="136" started-at="2021-05-01T12:48:10Z" finished-at="2021-05-01T12:48:10Z">
          <reporter-output>
          </reporter-output>
        </test-method> <!-- beforeMethod -->
        <test-method status="PASS" signature="storeBillingDetailsLoadCreditCards()[pri:0, instance:org.jpwh.test.inheritance.MappedSuperclass@458ad742]" name="storeBillingDetailsLoadCreditCards" duration-ms="6" started-at="2021-05-01T12:48:10Z" finished-at="2021-05-01T12:48:11Z">
          <reporter-output>
          </reporter-output>
        </test-method> <!-- storeBillingDetailsLoadCreditCards -->
        <test-method status="PASS" signature="afterMethod()[pri:0, instance:org.jpwh.test.inheritance.MappedSuperclass@458ad742]" name="afterMethod" is-config="true" duration-ms="27" started-at="2021-05-01T12:48:11Z" finished-at="2021-05-01T12:48:11Z">
          <reporter-output>
          </reporter-output>
        </test-method> <!-- afterMethod -->
        <test-method status="PASS" signature="beforeMethod()[pri:0, instance:org.jpwh.test.inheritance.MappedSuperclass@458ad742]" name="beforeMethod" is-config="true" duration-ms="79" started-at="2021-05-01T12:48:11Z" finished-at="2021-05-01T12:48:11Z">
          <reporter-output>
          </reporter-output>
        </test-method> <!-- beforeMethod -->
        <test-method status="PASS" signature="jdbcSqlQueryBankAccount()[pri:0, instance:org.jpwh.test.inheritance.MappedSuperclass@458ad742]" name="jdbcSqlQueryBankAccount" duration-ms="8" started-at="2021-05-01T12:48:11Z" finished-at="2021-05-01T12:48:11Z">
          <reporter-output>
          </reporter-output>
        </test-method> <!-- jdbcSqlQueryBankAccount -->
        <test-method status="PASS" signature="afterMethod()[pri:0, instance:org.jpwh.test.inheritance.MappedSuperclass@458ad742]" name="afterMethod" is-config="true" duration-ms="27" started-at="2021-05-01T12:48:11Z" finished-at="2021-05-01T12:48:11Z">
          <reporter-output>
          </reporter-output>
        </test-method> <!-- afterMethod -->
        <test-method status="PASS" signature="beforeMethod()[pri:0, instance:org.jpwh.test.inheritance.MappedSuperclass@458ad742]" name="beforeMethod" is-config="true" duration-ms="79" started-at="2021-05-01T12:48:11Z" finished-at="2021-05-01T12:48:11Z">
          <reporter-output>
          </reporter-output>
        </test-method> <!-- beforeMethod -->
        <test-method status="PASS" signature="jdbcSqlQueryCreditCard()[pri:0, instance:org.jpwh.test.inheritance.MappedSuperclass@458ad742]" name="jdbcSqlQueryCreditCard" duration-ms="7" started-at="2021-05-01T12:48:11Z" finished-at="2021-05-01T12:48:11Z">
          <reporter-output>
          </reporter-output>
        </test-method> <!-- jdbcSqlQueryCreditCard -->
        <test-method status="PASS" signature="afterMethod()[pri:0, instance:org.jpwh.test.inheritance.MappedSuperclass@458ad742]" name="afterMethod" is-config="true" duration-ms="42" started-at="2021-05-01T12:48:11Z" finished-at="2021-05-01T12:48:11Z">
          <reporter-output>
          </reporter-output>
        </test-method> <!-- afterMethod -->
        <test-method status="PASS" signature="beforeMethod()[pri:0, instance:org.jpwh.test.inheritance.MappedSuperclass@458ad742]" name="beforeMethod" is-config="true" duration-ms="79" started-at="2021-05-01T12:48:11Z" finished-at="2021-05-01T12:48:11Z">
          <reporter-output>
          </reporter-output>
        </test-method> <!-- beforeMethod -->
        <test-method status="PASS" signature="storeLoadBillingDetails()[pri:0, instance:org.jpwh.test.inheritance.MappedSuperclass@458ad742]" name="storeLoadBillingDetails" duration-ms="6" started-at="2021-05-01T12:48:11Z" finished-at="2021-05-01T12:48:11Z">
          <reporter-output>
          </reporter-output>
        </test-method> <!-- storeLoadBillingDetails -->
        <test-method status="PASS" signature="afterMethod()[pri:0, instance:org.jpwh.test.inheritance.MappedSuperclass@458ad742]" name="afterMethod" is-config="true" duration-ms="27" started-at="2021-05-01T12:48:11Z" finished-at="2021-05-01T12:48:11Z">
          <reporter-output>
          </reporter-output>
        </test-method> <!-- afterMethod -->
      </class> <!-- org.jpwh.test.inheritance.MappedSuperclass -->
      <class name="org.jpwh.test.inheritance.Mixed">
        <test-method status="PASS" signature="beforeMethod()[pri:0, instance:org.jpwh.test.inheritance.Mixed@2344fc66]" name="beforeMethod" is-config="true" duration-ms="134" started-at="2021-05-01T12:48:12Z" finished-at="2021-05-01T12:48:12Z">
          <reporter-output>
          </reporter-output>
        </test-method> <!-- beforeMethod -->
        <test-method status="PASS" signature="beforeClass()[pri:0, instance:org.jpwh.test.inheritance.Mixed@2344fc66]" name="beforeClass" is-config="true" duration-ms="0" started-at="2021-05-01T12:48:12Z" finished-at="2021-05-01T12:48:12Z">
          <reporter-output>
          </reporter-output>
        </test-method> <!-- beforeClass -->
        <test-method status="PASS" signature="storeBillingDetailsLoadCreditCards()[pri:0, instance:org.jpwh.test.inheritance.Mixed@2344fc66]" name="storeBillingDetailsLoadCreditCards" duration-ms="6" started-at="2021-05-01T12:48:12Z" finished-at="2021-05-01T12:48:12Z">
          <reporter-output>
          </reporter-output>
        </test-method> <!-- storeBillingDetailsLoadCreditCards -->
        <test-method status="PASS" signature="afterMethod()[pri:0, instance:org.jpwh.test.inheritance.Mixed@2344fc66]" name="afterMethod" is-config="true" duration-ms="28" started-at="2021-05-01T12:48:12Z" finished-at="2021-05-01T12:48:12Z">
          <reporter-output>
          </reporter-output>
        </test-method> <!-- afterMethod -->
        <test-method status="PASS" signature="beforeMethod()[pri:0, instance:org.jpwh.test.inheritance.Mixed@2344fc66]" name="beforeMethod" is-config="true" duration-ms="79" started-at="2021-05-01T12:48:12Z" finished-at="2021-05-01T12:48:12Z">
          <reporter-output>
          </reporter-output>
        </test-method> <!-- beforeMethod -->
        <test-method status="PASS" signature="jdbcBillingDetailsSqlQuery()[pri:0, instance:org.jpwh.test.inheritance.Mixed@2344fc66]" name="jdbcBillingDetailsSqlQuery" duration-ms="6" started-at="2021-05-01T12:48:12Z" finished-at="2021-05-01T12:48:12Z">
          <reporter-output>
          </reporter-output>
        </test-method> <!-- jdbcBillingDetailsSqlQuery -->
        <test-method status="PASS" signature="afterMethod()[pri:0, instance:org.jpwh.test.inheritance.Mixed@2344fc66]" name="afterMethod" is-config="true" duration-ms="26" started-at="2021-05-01T12:48:12Z" finished-at="2021-05-01T12:48:12Z">
          <reporter-output>
          </reporter-output>
        </test-method> <!-- afterMethod -->
        <test-method status="PASS" signature="beforeMethod()[pri:0, instance:org.jpwh.test.inheritance.Mixed@2344fc66]" name="beforeMethod" is-config="true" duration-ms="77" started-at="2021-05-01T12:48:12Z" finished-at="2021-05-01T12:48:13Z">
          <reporter-output>
          </reporter-output>
        </test-method> <!-- beforeMethod -->
        <test-method status="PASS" signature="storeLoadBillingDetails()[pri:0, instance:org.jpwh.test.inheritance.Mixed@2344fc66]" name="storeLoadBillingDetails" duration-ms="5" started-at="2021-05-01T12:48:13Z" finished-at="2021-05-01T12:48:13Z">
          <reporter-output>
          </reporter-output>
        </test-method> <!-- storeLoadBillingDetails -->
        <test-method status="PASS" signature="afterMethod()[pri:0, instance:org.jpwh.test.inheritance.Mixed@2344fc66]" name="afterMethod" is-config="true" duration-ms="27" started-at="2021-05-01T12:48:13Z" finished-at="2021-05-01T12:48:13Z">
          <reporter-output>
          </reporter-output>
        </test-method> <!-- afterMethod -->
      </class> <!-- org.jpwh.test.inheritance.Mixed -->
      <class name="org.jpwh.test.inheritance.PolymorphicManyToOne">
        <test-method status="PASS" signature="beforeMethod()[pri:0, instance:org.jpwh.test.inheritance.PolymorphicManyToOne@32e6e9c3]" name="beforeMethod" is-config="true" duration-ms="115" started-at="2021-05-01T12:48:10Z" finished-at="2021-05-01T12:48:10Z">
          <reporter-output>
          </reporter-output>
        </test-method> <!-- beforeMethod -->
        <test-method status="PASS" signature="beforeClass()[pri:0, instance:org.jpwh.test.inheritance.PolymorphicManyToOne@32e6e9c3]" name="beforeClass" is-config="true" duration-ms="0" started-at="2021-05-01T12:48:10Z" finished-at="2021-05-01T12:48:10Z">
          <reporter-output>
          </reporter-output>
        </test-method> <!-- beforeClass -->
        <test-method status="PASS" signature="storeAndLoadItemBids()[pri:0, instance:org.jpwh.test.inheritance.PolymorphicManyToOne@32e6e9c3]" name="storeAndLoadItemBids" duration-ms="14" started-at="2021-05-01T12:48:10Z" finished-at="2021-05-01T12:48:10Z">
          <reporter-output>
          </reporter-output>
        </test-method> <!-- storeAndLoadItemBids -->
        <test-method status="PASS" signature="afterMethod()[pri:0, instance:org.jpwh.test.inheritance.PolymorphicManyToOne@32e6e9c3]" name="afterMethod" is-config="true" duration-ms="38" started-at="2021-05-01T12:48:10Z" finished-at="2021-05-01T12:48:10Z">
          <reporter-output>
          </reporter-output>
        </test-method> <!-- afterMethod -->
      </class> <!-- org.jpwh.test.inheritance.PolymorphicManyToOne -->
      <class name="org.jpwh.test.inheritance.SingleTable">
        <test-method status="PASS" signature="beforeMethod()[pri:0, instance:org.jpwh.test.inheritance.SingleTable@4590c9c3]" name="beforeMethod" is-config="true" duration-ms="86" started-at="2021-05-01T12:48:11Z" finished-at="2021-05-01T12:48:11Z">
          <reporter-output>
          </reporter-output>
        </test-method> <!-- beforeMethod -->
        <test-method status="PASS" signature="beforeClass()[pri:0, instance:org.jpwh.test.inheritance.SingleTable@4590c9c3]" name="beforeClass" is-config="true" duration-ms="0" started-at="2021-05-01T12:48:11Z" finished-at="2021-05-01T12:48:11Z">
          <reporter-output>
          </reporter-output>
        </test-method> <!-- beforeClass -->
        <test-method status="PASS" signature="storeBillingDetailsLoadCreditCards()[pri:0, instance:org.jpwh.test.inheritance.SingleTable@4590c9c3]" name="storeBillingDetailsLoadCreditCards" duration-ms="5" started-at="2021-05-01T12:48:11Z" finished-at="2021-05-01T12:48:11Z">
          <reporter-output>
          </reporter-output>
        </test-method> <!-- storeBillingDetailsLoadCreditCards -->
        <test-method status="PASS" signature="afterMethod()[pri:0, instance:org.jpwh.test.inheritance.SingleTable@4590c9c3]" name="afterMethod" is-config="true" duration-ms="27" started-at="2021-05-01T12:48:11Z" finished-at="2021-05-01T12:48:11Z">
          <reporter-output>
          </reporter-output>
        </test-method> <!-- afterMethod -->
        <test-method status="PASS" signature="beforeMethod()[pri:0, instance:org.jpwh.test.inheritance.SingleTable@4590c9c3]" name="beforeMethod" is-config="true" duration-ms="79" started-at="2021-05-01T12:48:11Z" finished-at="2021-05-01T12:48:11Z">
          <reporter-output>
          </reporter-output>
        </test-method> <!-- beforeMethod -->
        <test-method status="PASS" signature="jdbcBillingDetailsSqlQuery()[pri:0, instance:org.jpwh.test.inheritance.SingleTable@4590c9c3]" name="jdbcBillingDetailsSqlQuery" duration-ms="7" started-at="2021-05-01T12:48:11Z" finished-at="2021-05-01T12:48:11Z">
          <reporter-output>
          </reporter-output>
        </test-method> <!-- jdbcBillingDetailsSqlQuery -->
        <test-method status="PASS" signature="afterMethod()[pri:0, instance:org.jpwh.test.inheritance.SingleTable@4590c9c3]" name="afterMethod" is-config="true" duration-ms="38" started-at="2021-05-01T12:48:11Z" finished-at="2021-05-01T12:48:11Z">
          <reporter-output>
          </reporter-output>
        </test-method> <!-- afterMethod -->
        <test-method status="PASS" signature="beforeMethod()[pri:0, instance:org.jpwh.test.inheritance.SingleTable@4590c9c3]" name="beforeMethod" is-config="true" duration-ms="117" started-at="2021-05-01T12:48:11Z" finished-at="2021-05-01T12:48:11Z">
          <reporter-output>
          </reporter-output>
        </test-method> <!-- beforeMethod -->
        <test-method status="PASS" signature="jdbcCreditCardSqlQuery()[pri:0, instance:org.jpwh.test.inheritance.SingleTable@4590c9c3]" name="jdbcCreditCardSqlQuery" duration-ms="7" started-at="2021-05-01T12:48:11Z" finished-at="2021-05-01T12:48:11Z">
          <reporter-output>
          </reporter-output>
        </test-method> <!-- jdbcCreditCardSqlQuery -->
        <test-method status="PASS" signature="afterMethod()[pri:0, instance:org.jpwh.test.inheritance.SingleTable@4590c9c3]" name="afterMethod" is-config="true" duration-ms="27" started-at="2021-05-01T12:48:11Z" finished-at="2021-05-01T12:48:11Z">
          <reporter-output>
          </reporter-output>
        </test-method> <!-- afterMethod -->
        <test-method status="PASS" signature="beforeMethod()[pri:0, instance:org.jpwh.test.inheritance.SingleTable@4590c9c3]" name="beforeMethod" is-config="true" duration-ms="80" started-at="2021-05-01T12:48:11Z" finished-at="2021-05-01T12:48:11Z">
          <reporter-output>
          </reporter-output>
        </test-method> <!-- beforeMethod -->
        <test-method status="PASS" signature="storeLoadBillingDetails()[pri:0, instance:org.jpwh.test.inheritance.SingleTable@4590c9c3]" name="storeLoadBillingDetails" duration-ms="6" started-at="2021-05-01T12:48:11Z" finished-at="2021-05-01T12:48:11Z">
          <reporter-output>
          </reporter-output>
        </test-method> <!-- storeLoadBillingDetails -->
        <test-method status="PASS" signature="afterMethod()[pri:0, instance:org.jpwh.test.inheritance.SingleTable@4590c9c3]" name="afterMethod" is-config="true" duration-ms="27" started-at="2021-05-01T12:48:11Z" finished-at="2021-05-01T12:48:11Z">
          <reporter-output>
          </reporter-output>
        </test-method> <!-- afterMethod -->
      </class> <!-- org.jpwh.test.inheritance.SingleTable -->
    </test> <!-- Inheritance Mappings -->
    <test name="Advanced Mappings" duration-ms="2358" started-at="2021-05-01T09:48:16Z" finished-at="2021-05-01T09:48:18Z">
      <class name="org.jpwh.test.advanced.GeneratedProperties">
        <test-method status="PASS" signature="beforeMethod()[pri:0, instance:org.jpwh.test.advanced.GeneratedProperties@4439f31e]" name="beforeMethod" is-config="true" duration-ms="104" started-at="2021-05-01T12:48:18Z" finished-at="2021-05-01T12:48:18Z">
          <reporter-output>
          </reporter-output>
        </test-method> <!-- beforeMethod -->
        <test-method status="PASS" signature="beforeClass()[pri:0, instance:org.jpwh.test.advanced.GeneratedProperties@4439f31e]" name="beforeClass" is-config="true" duration-ms="0" started-at="2021-05-01T12:48:18Z" finished-at="2021-05-01T12:48:18Z">
          <reporter-output>
          </reporter-output>
        </test-method> <!-- beforeClass -->
[...]
	at sun.reflect.NativeMethodAccessorImpl.invoke(NativeMethodAccessorImpl.java:62)
	at sun.reflect.DelegatingMethodAccessorImpl.invoke(DelegatingMethodAccessorImpl.java:43)
	at java.lang.reflect.Method.invoke(Method.java:498)
	at org.testng.internal.MethodInvocationHelper.invokeMethod(MethodInvocationHelper.java:84)
	at org.testng.internal.Invoker.invokeMethod(Invoker.java:714)
	at org.testng.internal.Invoker.invokeTestMethod(Invoker.java:901)
	at org.testng.internal.Invoker.invokeTestMethods(Invoker.java:1231)
	at org.testng.internal.TestMethodWorker.invokeTestMethods(TestMethodWorker.java:127)
	at org.testng.internal.TestMethodWorker.run(TestMethodWorker.java:111)
	at org.testng.TestRunner.privateRun(TestRunner.java:767)
	at org.testng.TestRunner.run(TestRunner.java:617)
	at org.testng.SuiteRunner.runTest(SuiteRunner.java:334)
	at org.testng.SuiteRunner.runSequentially(SuiteRunner.java:329)
	at org.testng.SuiteRunner.privateRun(SuiteRunner.java:291)
	at org.testng.SuiteRunner.run(SuiteRunner.java:240)
	at org.testng.SuiteRunnerWorker.runSuite(SuiteRunnerWorker.java:52)
	at org.testng.SuiteRunnerWorker.run(SuiteRunnerWorker.java:86)
	at org.testng.TestNG.runSuitesSequentially(TestNG.java:1224)
	at org.testng.TestNG.runSuitesLocally(TestNG.java:1149)
	at org.testng.TestNG.run(TestNG.java:1057)
	at org.apache.maven.surefire.testng.TestNGExecutor.run(TestNGExecutor.java:122)
	at org.apache.maven.surefire.testng.TestNGXmlTestSuite.execute(TestNGXmlTestSuite.java:92)
	at org.apache.maven.surefire.testng.TestNGProvider.invoke(TestNGProvider.java:101)
	at sun.reflect.NativeMethodAccessorImpl.invoke0(Native Method)
	at sun.reflect.NativeMethodAccessorImpl.invoke(NativeMethodAccessorImpl.java:62)
	at sun.reflect.DelegatingMethodAccessorImpl.invoke(DelegatingMethodAccessorImpl.java:43)
	at java.lang.reflect.Method.invoke(Method.java:498)
	at org.apache.maven.surefire.util.ReflectionUtils.invokeMethodWithArray(ReflectionUtils.java:164)
	at org.apache.maven.surefire.booter.ProviderFactory$ProviderProxy.invoke(ProviderFactory.java:110)
	at org.apache.maven.surefire.booter.SurefireStarter.invokeProvider(SurefireStarter.java:172)
	at org.apache.maven.surefire.booter.SurefireStarter.runSuitesInProcessWhenForked(SurefireStarter.java:104)
	at org.apache.maven.surefire.booter.ForkedBooter.main(ForkedBooter.java:70)
]]>
            </full-stacktrace>
          </exception> <!-- javax.persistence.EntityNotFoundException -->
          <reporter-output>
          </reporter-output>
        </test-method> <!-- bulkDelete -->
        <test-method status="PASS" signature="afterMethod()[pri:0, instance:org.jpwh.test.bulkbatch.BulkStatementsJPQL@46daef40]" name="afterMethod" is-config="true" duration-ms="27" started-at="2021-05-01T12:50:09Z" finished-at="2021-05-01T12:50:09Z">
          <reporter-output>
          </reporter-output>
        </test-method> <!-- afterMethod -->
        <test-method status="PASS" signature="beforeMethod()[pri:0, instance:org.jpwh.test.bulkbatch.BulkStatementsJPQL@46daef40]" name="beforeMethod" is-config="true" duration-ms="93" started-at="2021-05-01T12:50:09Z" finished-at="2021-05-01T12:50:09Z">
          <reporter-output>
          </reporter-output>
        </test-method> <!-- beforeMethod -->
        <test-method status="PASS" signature="bulkInsert()[pri:0, instance:org.jpwh.test.bulkbatch.BulkStatementsJPQL@46daef40]" name="bulkInsert" duration-ms="18" started-at="2021-05-01T12:50:09Z" finished-at="2021-05-01T12:50:09Z">
          <reporter-output>
          </reporter-output>
        </test-method> <!-- bulkInsert -->
        <test-method status="PASS" signature="afterMethod()[pri:0, instance:org.jpwh.test.bulkbatch.BulkStatementsJPQL@46daef40]" name="afterMethod" is-config="true" duration-ms="27" started-at="2021-05-01T12:50:09Z" finished-at="2021-05-01T12:50:09Z">
          <reporter-output>
          </reporter-output>
        </test-method> <!-- afterMethod -->
        <test-method status="PASS" signature="beforeMethod()[pri:0, instance:org.jpwh.test.bulkbatch.BulkStatementsJPQL@46daef40]" name="beforeMethod" is-config="true" duration-ms="150" started-at="2021-05-01T12:50:09Z" finished-at="2021-05-01T12:50:09Z">
          <reporter-output>
          </reporter-output>
        </test-method> <!-- beforeMethod -->
        <test-method status="PASS" signature="bulkUpdate()[pri:0, instance:org.jpwh.test.bulkbatch.BulkStatementsJPQL@46daef40]" name="bulkUpdate" duration-ms="9" started-at="2021-05-01T12:50:09Z" finished-at="2021-05-01T12:50:09Z">
          <reporter-output>
          </reporter-output>
        </test-method> <!-- bulkUpdate -->
        <test-method status="PASS" signature="afterMethod()[pri:0, instance:org.jpwh.test.bulkbatch.BulkStatementsJPQL@46daef40]" name="afterMethod" is-config="true" duration-ms="37" started-at="2021-05-01T12:50:09Z" finished-at="2021-05-01T12:50:09Z">
          <reporter-output>
          </reporter-output>
        </test-method> <!-- afterMethod -->
        <test-method status="PASS" signature="beforeMethod()[pri:0, instance:org.jpwh.test.bulkbatch.BulkStatementsJPQL@46daef40]" name="beforeMethod" is-config="true" duration-ms="154" started-at="2021-05-01T12:50:09Z" finished-at="2021-05-01T12:50:09Z">
          <reporter-output>
          </reporter-output>
        </test-method> <!-- beforeMethod -->
        <test-method status="PASS" signature="bulkUpdateInheritance()[pri:0, instance:org.jpwh.test.bulkbatch.BulkStatementsJPQL@46daef40]" name="bulkUpdateInheritance" duration-ms="10" started-at="2021-05-01T12:50:09Z" finished-at="2021-05-01T12:50:10Z">
          <reporter-output>
          </reporter-output>
        </test-method> <!-- bulkUpdateInheritance -->
        <test-method status="PASS" signature="afterMethod()[pri:0, instance:org.jpwh.test.bulkbatch.BulkStatementsJPQL@46daef40]" name="afterMethod" is-config="true" duration-ms="28" started-at="2021-05-01T12:50:10Z" finished-at="2021-05-01T12:50:10Z">
          <reporter-output>
          </reporter-output>
        </test-method> <!-- afterMethod -->
        <test-method status="PASS" signature="beforeMethod()[pri:0, instance:org.jpwh.test.bulkbatch.BulkStatementsJPQL@46daef40]" name="beforeMethod" is-config="true" duration-ms="81" started-at="2021-05-01T12:50:10Z" finished-at="2021-05-01T12:50:10Z">
          <reporter-output>
          </reporter-output>
        </test-method> <!-- beforeMethod -->
        <test-method status="PASS" signature="bulkUpdateVersioned()[pri:0, instance:org.jpwh.test.bulkbatch.BulkStatementsJPQL@46daef40]" name="bulkUpdateVersioned" duration-ms="7" started-at="2021-05-01T12:50:10Z" finished-at="2021-05-01T12:50:10Z">
          <reporter-output>
          </reporter-output>
        </test-method> <!-- bulkUpdateVersioned -->
        <test-method status="PASS" signature="afterMethod()[pri:0, instance:org.jpwh.test.bulkbatch.BulkStatementsJPQL@46daef40]" name="afterMethod" is-config="true" duration-ms="27" started-at="2021-05-01T12:50:10Z" finished-at="2021-05-01T12:50:10Z">
          <reporter-output>
          </reporter-output>
        </test-method> <!-- afterMethod -->
      </class> <!-- org.jpwh.test.bulkbatch.BulkStatementsJPQL -->
      <class name="org.jpwh.test.cache.SecondLevel">
        <test-method status="PASS" signature="beforeMethod()[pri:0, instance:org.jpwh.test.cache.SecondLevel@13c27452]" name="beforeMethod" is-config="true" duration-ms="192" started-at="2021-05-01T12:50:08Z" finished-at="2021-05-01T12:50:08Z">
          <reporter-output>
          </reporter-output>
        </test-method> <!-- beforeMethod -->
        <test-method status="PASS" signature="beforeClass()[pri:0, instance:org.jpwh.test.cache.SecondLevel@13c27452]" name="beforeClass" is-config="true" duration-ms="0" started-at="2021-05-01T12:50:08Z" finished-at="2021-05-01T12:50:08Z">
          <reporter-output>
          </reporter-output>
        </test-method> <!-- beforeClass -->
        <test-method status="PASS" signature="cacheBehavior()[pri:0, instance:org.jpwh.test.cache.SecondLevel@13c27452]" name="cacheBehavior" duration-ms="32" started-at="2021-05-01T12:50:08Z" finished-at="2021-05-01T12:50:08Z">
          <reporter-output>
          </reporter-output>
        </test-method> <!-- cacheBehavior -->
        <test-method status="PASS" signature="afterMethod()[pri:0, instance:org.jpwh.test.cache.SecondLevel@13c27452]" name="afterMethod" is-config="true" duration-ms="26" started-at="2021-05-01T12:50:08Z" finished-at="2021-05-01T12:50:08Z">
          <reporter-output>
          </reporter-output>
        </test-method> <!-- afterMethod -->
        <test-method status="PASS" signature="beforeMethod()[pri:0, instance:org.jpwh.test.cache.SecondLevel@13c27452]" name="beforeMethod" is-config="true" duration-ms="77" started-at="2021-05-01T12:50:08Z" finished-at="2021-05-01T12:50:08Z">
          <reporter-output>
          </reporter-output>
        </test-method> <!-- beforeMethod -->
        <test-method status="PASS" signature="cacheControl()[pri:0, instance:org.jpwh.test.cache.SecondLevel@13c27452]" name="cacheControl" duration-ms="11" started-at="2021-05-01T12:50:08Z" finished-at="2021-05-01T12:50:08Z">
          <reporter-output>
          </reporter-output>
        </test-method> <!-- cacheControl -->
        <test-method status="PASS" signature="afterMethod()[pri:0, instance:org.jpwh.test.cache.SecondLevel@13c27452]" name="afterMethod" is-config="true" duration-ms="27" started-at="2021-05-01T12:50:08Z" finished-at="2021-05-01T12:50:08Z">
          <reporter-output>
          </reporter-output>
        </test-method> <!-- afterMethod -->
        <test-method status="PASS" signature="beforeMethod()[pri:0, instance:org.jpwh.test.cache.SecondLevel@13c27452]" name="beforeMethod" is-config="true" duration-ms="79" started-at="2021-05-01T12:50:08Z" finished-at="2021-05-01T12:50:09Z">
          <reporter-output>
          </reporter-output>
        </test-method> <!-- beforeMethod -->
        <test-method status="PASS" signature="cacheModes()[pri:0, instance:org.jpwh.test.cache.SecondLevel@13c27452]" name="cacheModes" duration-ms="12" started-at="2021-05-01T12:50:09Z" finished-at="2021-05-01T12:50:09Z">
          <reporter-output>
          </reporter-output>
        </test-method> <!-- cacheModes -->
        <test-method status="PASS" signature="afterMethod()[pri:0, instance:org.jpwh.test.cache.SecondLevel@13c27452]" name="afterMethod" is-config="true" duration-ms="112" started-at="2021-05-01T12:50:09Z" finished-at="2021-05-01T12:50:09Z">
          <reporter-output>
          </reporter-output>
        </test-method> <!-- afterMethod -->
        <test-method status="PASS" signature="beforeMethod()[pri:0, instance:org.jpwh.test.cache.SecondLevel@13c27452]" name="beforeMethod" is-config="true" duration-ms="76" started-at="2021-05-01T12:50:09Z" finished-at="2021-05-01T12:50:09Z">
          <reporter-output>
          </reporter-output>
        </test-method> <!-- beforeMethod -->
        <test-method status="PASS" signature="cacheNaturalId()[pri:0, instance:org.jpwh.test.cache.SecondLevel@13c27452]" name="cacheNaturalId" duration-ms="11" started-at="2021-05-01T12:50:09Z" finished-at="2021-05-01T12:50:09Z">
          <reporter-output>
          </reporter-output>
        </test-method> <!-- cacheNaturalId -->
        <test-method status="PASS" signature="afterMethod()[pri:0, instance:org.jpwh.test.cache.SecondLevel@13c27452]" name="afterMethod" is-config="true" duration-ms="25" started-at="2021-05-01T12:50:09Z" finished-at="2021-05-01T12:50:09Z">
          <reporter-output>
          </reporter-output>
        </test-method> <!-- afterMethod -->
        <test-method status="PASS" signature="beforeMethod()[pri:0, instance:org.jpwh.test.cache.SecondLevel@13c27452]" name="beforeMethod" is-config="true" duration-ms="73" started-at="2021-05-01T12:50:09Z" finished-at="2021-05-01T12:50:09Z">
          <reporter-output>
          </reporter-output>
        </test-method> <!-- beforeMethod -->
        <test-method status="PASS" signature="cacheQueryResults()[pri:0, instance:org.jpwh.test.cache.SecondLevel@13c27452]" name="cacheQueryResults" duration-ms="12" started-at="2021-05-01T12:50:09Z" finished-at="2021-05-01T12:50:09Z">
          <reporter-output>
          </reporter-output>
        </test-method> <!-- cacheQueryResults -->
        <test-method status="PASS" signature="afterMethod()[pri:0, instance:org.jpwh.test.cache.SecondLevel@13c27452]" name="afterMethod" is-config="true" duration-ms="25" started-at="2021-05-01T12:50:09Z" finished-at="2021-05-01T12:50:09Z">
          <reporter-output>
          </reporter-output>
        </test-method> <!-- afterMethod -->
      </class> <!-- org.jpwh.test.cache.SecondLevel -->
      <class name="org.jpwh.test.bulkbatch.BulkStatementsCriteria">
        <test-method status="PASS" signature="beforeMethod()[pri:0, instance:org.jpwh.test.bulkbatch.BulkStatementsCriteria@12f41634]" name="beforeMethod" is-config="true" duration-ms="79" started-at="2021-05-01T12:50:10Z" finished-at="2021-05-01T12:50:10Z">
          <reporter-output>
          </reporter-output>
        </test-method> <!-- beforeMethod -->
        <test-method status="PASS" signature="beforeClass()[pri:0, instance:org.jpwh.test.bulkbatch.BulkStatementsCriteria@12f41634]" name="beforeClass" is-config="true" duration-ms="0" started-at="2021-05-01T12:50:10Z" finished-at="2021-05-01T12:50:10Z">
          <reporter-output>
          </reporter-output>
        </test-method> <!-- beforeClass -->
        <test-method status="PASS" signature="bulkDelete()[pri:0, instance:org.jpwh.test.bulkbatch.BulkStatementsCriteria@12f41634]" name="bulkDelete" duration-ms="9" started-at="2021-05-01T12:50:10Z" finished-at="2021-05-01T12:50:10Z">
          <exception class="javax.persistence.EntityNotFoundException">
            <message>
              <![CDATA[No row with the given identifier exists: [org.jpwh.model.bulkbatch.CreditCard#302]]]>
            </message>
            <full-stacktrace>
              <![CDATA[javax.persistence.EntityNotFoundException: No row with the given identifier exists: [org.jpwh.model.bulkbatch.CreditCard#302]
	at org.hibernate.jpa.spi.AbstractEntityManagerImpl.convert(AbstractEntityManagerImpl.java:1674)
	at org.hibernate.jpa.spi.AbstractEntityManagerImpl.convert(AbstractEntityManagerImpl.java:1619)
	at org.hibernate.jpa.spi.AbstractEntityManagerImpl.refresh(AbstractEntityManagerImpl.java:1234)
	at org.hibernate.jpa.spi.AbstractEntityManagerImpl.refresh(AbstractEntityManagerImpl.java:1192)
	at org.jpwh.test.bulkbatch.BulkStatementsCriteria.bulkDelete(BulkStatementsCriteria.java:219)
	at sun.reflect.NativeMethodAccessorImpl.invoke0(Native Method)
	at sun.reflect.NativeMethodAccessorImpl.invoke(NativeMethodAccessorImpl.java:62)
	at sun.reflect.DelegatingMethodAccessorImpl.invoke(DelegatingMethodAccessorImpl.java:43)
	at java.lang.reflect.Method.invoke(Method.java:498)
	at org.testng.internal.MethodInvocationHelper.invokeMethod(MethodInvocationHelper.java:84)
	at org.testng.internal.Invoker.invokeMethod(Invoker.java:714)
	at org.testng.internal.Invoker.invokeTestMethod(Invoker.java:901)
	at org.testng.internal.Invoker.invokeTestMethods(Invoker.java:1231)
	at org.testng.internal.TestMethodWorker.invokeTestMethods(TestMethodWorker.java:127)
	at org.testng.internal.TestMethodWorker.run(TestMethodWorker.java:111)
	at org.testng.TestRunner.privateRun(TestRunner.java:767)
	at org.testng.TestRunner.run(TestRunner.java:617)
	at org.testng.SuiteRunner.runTest(SuiteRunner.java:334)
	at org.testng.SuiteRunner.runSequentially(SuiteRunner.java:329)
	at org.testng.SuiteRunner.privateRun(SuiteRunner.java:291)
	at org.testng.SuiteRunner.run(SuiteRunner.java:240)
	at org.testng.SuiteRunnerWorker.runSuite(SuiteRunnerWorker.java:52)
	at org.testng.SuiteRunnerWorker.run(SuiteRunnerWorker.java:86)
	at org.testng.TestNG.runSuitesSequentially(TestNG.java:1224)
	at org.testng.TestNG.runSuitesLocally(TestNG.java:1149)
	at org.testng.TestNG.run(TestNG.java:1057)
	at org.apache.maven.surefire.testng.TestNGExecutor.run(TestNGExecutor.java:122)
	at org.apache.maven.surefire.testng.TestNGXmlTestSuite.execute(TestNGXmlTestSuite.java:92)
	at org.apache.maven.surefire.testng.TestNGProvider.invoke(TestNGProvider.java:101)
	at sun.reflect.NativeMethodAccessorImpl.invoke0(Native Method)
	at sun.reflect.NativeMethodAccessorImpl.invoke(NativeMethodAccessorImpl.java:62)
	at sun.reflect.DelegatingMethodAccessorImpl.invoke(DelegatingMethodAccessorImpl.java:43)
	at java.lang.reflect.Method.invoke(Method.java:498)
	at org.apache.maven.surefire.util.ReflectionUtils.invokeMethodWithArray(ReflectionUtils.java:164)
	at org.apache.maven.surefire.booter.ProviderFactory$ProviderProxy.invoke(ProviderFactory.java:110)
	at org.apache.maven.surefire.booter.SurefireStarter.invokeProvider(SurefireStarter.java:172)
	at org.apache.maven.surefire.booter.SurefireStarter.runSuitesInProcessWhenForked(SurefireStarter.java:104)
	at org.apache.maven.surefire.booter.ForkedBooter.main(ForkedBooter.java:70)
]]>
            </full-stacktrace>
          </exception> <!-- javax.persistence.EntityNotFoundException -->
          <reporter-output>
          </reporter-output>
        </test-method> <!-- bulkDelete -->
        <test-method status="PASS" signature="afterMethod()[pri:0, instance:org.jpwh.test.bulkbatch.BulkStatementsCriteria@12f41634]" name="afterMethod" is-config="true" duration-ms="27" started-at="2021-05-01T12:50:10Z" finished-at="2021-05-01T12:50:10Z">
          <reporter-output>
          </reporter-output>
        </test-method> <!-- afterMethod -->
        <test-method status="PASS" signature="beforeMethod()[pri:0, instance:org.jpwh.test.bulkbatch.BulkStatementsCriteria@12f41634]" name="beforeMethod" is-config="true" duration-ms="77" started-at="2021-05-01T12:50:10Z" finished-at="2021-05-01T12:50:10Z">
          <reporter-output>
          </reporter-output>
        </test-method> <!-- beforeMethod -->
        <test-method status="PASS" signature="bulkUpdate()[pri:0, instance:org.jpwh.test.bulkbatch.BulkStatementsCriteria@12f41634]" name="bulkUpdate" duration-ms="8" started-at="2021-05-01T12:50:10Z" finished-at="2021-05-01T12:50:10Z">
          <reporter-output>
          </reporter-output>
        </test-method> <!-- bulkUpdate -->
        <test-method status="PASS" signature="afterMethod()[pri:0, instance:org.jpwh.test.bulkbatch.BulkStatementsCriteria@12f41634]" name="afterMethod" is-config="true" duration-ms="25" started-at="2021-05-01T12:50:10Z" finished-at="2021-05-01T12:50:10Z">
          <reporter-output>
          </reporter-output>
        </test-method> <!-- afterMethod -->
        <test-method status="PASS" signature="beforeMethod()[pri:0, instance:org.jpwh.test.bulkbatch.BulkStatementsCriteria@12f41634]" name="beforeMethod" is-config="true" duration-ms="77" started-at="2021-05-01T12:50:10Z" finished-at="2021-05-01T12:50:10Z">
          <reporter-output>
          </reporter-output>
        </test-method> <!-- beforeMethod -->
        <test-method status="PASS" signature="bulkUpdateVersioned()[pri:0, instance:org.jpwh.test.bulkbatch.BulkStatementsCriteria@12f41634]" name="bulkUpdateVersioned" duration-ms="7" started-at="2021-05-01T12:50:10Z" finished-at="2021-05-01T12:50:10Z">
          <reporter-output>
          </reporter-output>
        </test-method> <!-- bulkUpdateVersioned -->
        <test-method status="PASS" signature="afterMethod()[pri:0, instance:org.jpwh.test.bulkbatch.BulkStatementsCriteria@12f41634]" name="afterMethod" is-config="true" duration-ms="26" started-at="2021-05-01T12:50:10Z" finished-at="2021-05-01T12:50:10Z">
          <reporter-output>
          </reporter-output>
        </test-method> <!-- afterMethod -->
      </class> <!-- org.jpwh.test.bulkbatch.BulkStatementsCriteria -->
    </test> <!-- Scaling -->
  </suite> <!-- AllTests - examples -->
</testng-results>
