<?xml version="1.0" encoding="UTF-8"?>
<!-- Generated by org.testng.reporters.JUnitXMLReporter -->
<testsuite hostname="smekto4ka" name="Advanced Mappings" tests="16" failures="0" timestamp="1 May 2021 09:48:18 GMT" time="2.358" errors="0">
  <testcase name="storeLoadAccessType" time="0.011" classname="org.jpwh.test.advanced.AccessType"/>
  <testcase name="storeLoadFormula" time="0.009" classname="org.jpwh.test.advanced.DerivedProperties"/>
  <testcase name="storeLoadFormulaSubselect" time="0.007" classname="org.jpwh.test.advanced.DerivedProperties"/>
  <testcase name="storeLoadMonetaryAmount" time="0.008" classname="org.jpwh.test.converter.UserTypes"/>
  <testcase name="storeLoadOverride" time="0.005" classname="org.jpwh.test.advanced.BooleanOverride"/>
  <testcase name="storeLoadTransform" time="0.009" classname="org.jpwh.test.advanced.TransformingColumns"/>
  <testcase name="storeAndLoadUsers" time="0.003" classname="org.jpwh.test.advanced.NestedComponents"/>
  <testcase name="storeAndLoadZipcode" time="0.011" classname="org.jpwh.test.converter.Converters"/>
  <testcase name="storeLoadMonetaryAmount" time="0.053" classname="org.jpwh.test.converter.Converters"/>
  <testcase name="storeLoadTemporal" time="0.004" classname="org.jpwh.test.advanced.Temporal"/>
  <testcase name="loadSubselectEntity" time="0.016" classname="org.jpwh.test.advanced.MappedSubselect"/>
  <testcase name="storeLoadEnum" time="0.005" classname="org.jpwh.test.advanced.Enum"/>
  <testcase name="storeLoadInitialPrice" time="0.008" classname="org.jpwh.test.advanced.GeneratedProperties"/>
  <testcase name="storeLoadLastModified" time="0.009" classname="org.jpwh.test.advanced.GeneratedProperties"/>
  <testcase name="storeLoadLocator" time="0.023" classname="org.jpwh.test.advanced.LazyProperties"/>
  <testcase name="storeLoadProperties" time="0.007" classname="org.jpwh.test.advanced.LazyProperties"/>
</testsuite> <!-- Advanced Mappings -->
