<?xml version="1.0" encoding="UTF-8"?>
<!-- Generated by org.testng.reporters.JUnitXMLReporter -->
<testsuite hostname="smekto4ka" name="Concurrency Control" tests="12" failures="0" timestamp="1 May 2021 09:48:29 GMT" time="3.79" errors="0">
  <testcase name="autoCommit" time="0.02" classname="org.jpwh.test.concurrency.NonTransactional"/>
  <testcase name="extendedLock" time="0.016" classname="org.jpwh.test.concurrency.Locking"/>
  <testcase name="findLock" time="0.042" classname="org.jpwh.test.concurrency.Locking"/>
  <testcase name="pessimisticReadWrite" time="2.032" classname="org.jpwh.test.concurrency.Locking"/>
  <testcase name="firstCommitWins" time="0.024" classname="org.jpwh.test.concurrency.Locking"/>
  <testcase name="forceIncrement" time="0.028" classname="org.jpwh.test.concurrency.Locking"/>
  <testcase name="manualVersionChecking" time="0.025" classname="org.jpwh.test.concurrency.Locking"/>
  <testcase name="firstCommitWins" time="0.015" classname="org.jpwh.test.concurrency.VersioningTimestamp"/>
  <testcase name="firstCommitWins" time="0.006" classname="org.jpwh.test.concurrency.VersioningAll"/>
  <testcase name="firstCommitWins" time="0.027" classname="org.jpwh.test.concurrency.Versioning"/>
  <testcase name="forceIncrement" time="0.017" classname="org.jpwh.test.concurrency.Versioning"/>
  <testcase name="manualVersionChecking" time="0.029" classname="org.jpwh.test.concurrency.Versioning"/>
</testsuite> <!-- Concurrency Control -->
