<?xml version="1.0" encoding="UTF-8"?>
<!-- Generated by org.testng.reporters.JUnitXMLReporter -->
<testsuite hostname="smekto4ka" name="Conversations" tests="3" failures="0" timestamp="1 May 2021 09:48:29 GMT" time="0.354" errors="0">
  <testcase name="businessKeyEquality" time="0.012" classname="org.jpwh.test.conversation.Detached"/>
  <testcase name="conversationCreateItem" time="0.003" classname="org.jpwh.test.conversation.ExtendedPC"/>
  <testcase name="conversationEditItem" time="0.008" classname="org.jpwh.test.conversation.ExtendedPC"/>
</testsuite> <!-- Conversations -->
