<?xml version="1.0" encoding="UTF-8"?>
<!-- Generated by org.testng.reporters.JUnitXMLReporter -->
<testsuite hostname="smekto4ka" name="Custom SQL" tests="4" failures="0" timestamp="1 May 2021 09:50:08 GMT" time="3.475" errors="0">
  <testcase name="delete" time="0.01" classname="org.jpwh.test.customsql.CustomSQL"/>
  <testcase name="read" time="0.007" classname="org.jpwh.test.customsql.CustomSQL"/>
  <testcase name="readRestrictedCollection" time="0.005" classname="org.jpwh.test.customsql.CustomSQL"/>
  <testcase name="update" time="0.005" classname="org.jpwh.test.customsql.CustomSQL"/>
</testsuite> <!-- Custom SQL -->
