<?xml version="1.0" encoding="UTF-8"?>
<!-- Generated by org.testng.reporters.JUnitXMLReporter -->
<testsuite hostname="smekto4ka" name="Fetching" tests="21" failures="0" timestamp="1 May 2021 09:48:31 GMT" time="2.485" errors="0">
  <testcase name="fetchCollectionSubselect" time="0.015" classname="org.jpwh.test.fetching.Subselect"/>
  <testcase name="loadBidBidderItem" time="0.02" classname="org.jpwh.test.fetching.FetchLoadGraph"/>
  <testcase name="loadBidBidderItemSellerBids" time="0.012" classname="org.jpwh.test.fetching.FetchLoadGraph"/>
  <testcase name="loadItem" time="0.009" classname="org.jpwh.test.fetching.FetchLoadGraph"/>
  <testcase name="loadItemSeller" time="0.013" classname="org.jpwh.test.fetching.FetchLoadGraph"/>
  <testcase name="fetchBids" time="0.01" classname="org.jpwh.test.fetching.NPlusOneSelects"/>
  <testcase name="fetchUsers" time="0.009" classname="org.jpwh.test.fetching.NPlusOneSelects"/>
  <testcase name="fetchEagerJoin" time="0.008" classname="org.jpwh.test.fetching.EagerJoin"/>
  <testcase name="lazyBasic" time="0.006" classname="org.jpwh.test.fetching.LazyInterception"/>
  <testcase name="noUserProxy" time="0.005" classname="org.jpwh.test.fetching.LazyInterception"/>
  <testcase name="immutableEntity" time="0.008" classname="org.jpwh.test.fetching.ReadOnly"/>
  <testcase name="selectiveReadOnly" time="0.01" classname="org.jpwh.test.fetching.ReadOnly"/>
  <testcase name="fetchEagerSelect" time="0.008" classname="org.jpwh.test.fetching.EagerSelect"/>
  <testcase name="fetchBids" time="0.012" classname="org.jpwh.test.fetching.EagerQuery"/>
  <testcase name="fetchUsers" time="0.01" classname="org.jpwh.test.fetching.EagerQuery"/>
  <testcase name="lazyCollections" time="0.011" classname="org.jpwh.test.fetching.LazyProxyCollections"/>
  <testcase name="lazyEntityProxies" time="0.024" classname="org.jpwh.test.fetching.LazyProxyCollections"/>
  <testcase name="fetchCollections" time="0.008" classname="org.jpwh.test.fetching.CartesianProduct"/>
  <testcase name="fetchCollectionBatches" time="0.017" classname="org.jpwh.test.fetching.Batch"/>
  <testcase name="fetchProxyBatches" time="0.007" classname="org.jpwh.test.fetching.Batch"/>
  <testcase name="fetchWithProfile" time="0.009" classname="org.jpwh.test.fetching.Profile"/>
</testsuite> <!-- Fetching -->
