<?xml version="1.0" encoding="UTF-8"?>
<!-- Generated by org.testng.reporters.JUnitXMLReporter -->
<testsuite hostname="smekto4ka" name="Filtering" tests="8" failures="0" timestamp="1 May 2021 09:48:35 GMT" time="3.474" errors="0">
  <testcase name="notifyPostPersist" time="0.003" classname="org.jpwh.test.filtering.Callback"/>
  <testcase name="filterCollection" time="0.008" classname="org.jpwh.test.filtering.DynamicFilter"/>
  <testcase name="filterItems" time="0.008" classname="org.jpwh.test.filtering.DynamicFilter"/>
  <testcase name="auditLogging" time="0.079" classname="org.jpwh.test.filtering.Envers"/>
  <testcase name="writeAuditLog" time="0.021" classname="org.jpwh.test.filtering.AuditLogging"/>
  <testcase name="detachMerge" time="0.009" classname="org.jpwh.test.filtering.Cascade"/>
  <testcase name="refresh" time="0.031" classname="org.jpwh.test.filtering.Cascade"/>
  <testcase name="replicate" time="0.007" classname="org.jpwh.test.filtering.Cascade"/>
</testsuite> <!-- Filtering -->
