<?xml version="1.0" encoding="UTF-8"?>
<!-- Generated by org.testng.reporters.JUnitXMLReporter -->
<testsuite hostname="smekto4ka" name="Querying" tests="35" failures="0" timestamp="1 May 2021 09:50:05 GMT" time="89.633" errors="0">
  <testcase name="createHibernateQueries" time="0.028" classname="org.jpwh.test.querying.CreateExecuteQueries"/>
  <testcase name="createNamedQueries" time="0.012" classname="org.jpwh.test.querying.CreateExecuteQueries"/>
  <testcase name="createQueries" time="0.017" classname="org.jpwh.test.querying.CreateExecuteQueries"/>
  <testcase name="createTypedQueries" time="0.016" classname="org.jpwh.test.querying.CreateExecuteQueries"/>
  <testcase name="executeQueries" time="0.024" classname="org.jpwh.test.querying.CreateExecuteQueries"/>
  <testcase name="namedQueries" time="0.018" classname="org.jpwh.test.querying.CreateExecuteQueries"/>
  <testcase name="pagination" time="0.012" classname="org.jpwh.test.querying.CreateExecuteQueries"/>
  <testcase name="parameterBinding" time="0.023" classname="org.jpwh.test.querying.CreateExecuteQueries"/>
  <testcase name="queryHints" time="0.013" classname="org.jpwh.test.querying.CreateExecuteQueries"/>
  <testcase name="executeQueries" time="0.027" classname="org.jpwh.test.querying.sql.HibernateSQLQueries"/>
  <testcase name="executeRecursiveQueries" time="0.015" classname="org.jpwh.test.querying.sql.HibernateSQLQueries"/>
  <testcase name="executeQueries" time="0.03" classname="org.jpwh.test.querying.jpql.Joins"/>
  <testcase name="executeQueries" time="0.029" classname="org.jpwh.test.querying.jpql.Grouping"/>
  <testcase name="queryItems" time="0.01" classname="org.jpwh.test.querying.sql.JDBCFallback"/>
  <testcase name="executeQueries" time="0.023" classname="org.jpwh.test.querying.jpql.Projection"/>
  <testcase name="executeQueriesWithFunctions" time="0.012" classname="org.jpwh.test.querying.jpql.Projection"/>
  <testcase name="executeQueries" time="0.027" classname="org.jpwh.test.querying.criteria.Projection"/>
  <testcase name="executeQueriesWithFunctions" time="0.013" classname="org.jpwh.test.querying.criteria.Projection"/>
  <testcase name="executeQueries" time="0.012" classname="org.jpwh.test.querying.jpql.Subselects"/>
  <testcase name="executeQueries" time="0.04" classname="org.jpwh.test.querying.criteria.Joins"/>
  <testcase name="executeQueries" time="0.014" classname="org.jpwh.test.querying.criteria.Grouping"/>
  <testcase name="executeQueries" time="0.019" classname="org.jpwh.test.querying.jpql.Restriction"/>
  <testcase name="executeQueriesWithFunctions" time="0.01" classname="org.jpwh.test.querying.jpql.Restriction"/>
  <testcase name="executeQueries" time="0.01" classname="org.jpwh.test.querying.criteria.Typesafe"/>
  <testcase name="executeQueries" time="0.02" classname="org.jpwh.test.querying.criteria.Subselects"/>
  <testcase name="executeQueries" time="0.029" classname="org.jpwh.test.querying.advanced.FilterCollections"/>
  <testcase name="executeQueries" time="0.039" classname="org.jpwh.test.querying.criteria.Restriction"/>
  <testcase name="executeQueriesWithFunctions" time="0.012" classname="org.jpwh.test.querying.criteria.Restriction"/>
  <testcase name="executeQueries" time="0.037" classname="org.jpwh.test.querying.advanced.HibernateCriteria"/>
  <testcase name="foo" time="0.009" classname="org.jpwh.test.querying.advanced.HibernateCriteria"/>
  <testcase name="executeQueries" time="0.019" classname="org.jpwh.test.querying.sql.NativeQueries"/>
  <testcase name="executeRecursiveQueries" time="0.008" classname="org.jpwh.test.querying.sql.NativeQueries"/>
  <testcase name="executeQueries" time="0.012" classname="org.jpwh.test.querying.advanced.TransformResults"/>
  <testcase name="executeQueries" time="0.134" classname="org.jpwh.test.querying.jpql.Selection"/>
  <testcase name="executeQueries" time="0.021" classname="org.jpwh.test.querying.criteria.Selection"/>
</testsuite> <!-- Querying -->
