<?xml version="1.0" encoding="UTF-8"?>
<!-- Generated by org.testng.reporters.JUnitXMLReporter -->
<testsuite hostname="smekto4ka" name="Scaling" tests="17" failures="0" timestamp="1 May 2021 09:50:17 GMT" time="9.344" errors="0">
  <testcase name="cacheBehavior" time="0.032" classname="org.jpwh.test.cache.SecondLevel"/>
  <testcase name="cacheControl" time="0.011" classname="org.jpwh.test.cache.SecondLevel"/>
  <testcase name="cacheModes" time="0.012" classname="org.jpwh.test.cache.SecondLevel"/>
  <testcase name="cacheNaturalId" time="0.011" classname="org.jpwh.test.cache.SecondLevel"/>
  <testcase name="cacheQueryResults" time="0.012" classname="org.jpwh.test.cache.SecondLevel"/>
  <testcase name="bulkDelete" time="0.017" classname="org.jpwh.test.bulkbatch.BulkStatementsJPQL"/>
  <testcase name="bulkInsert" time="0.018" classname="org.jpwh.test.bulkbatch.BulkStatementsJPQL"/>
  <testcase name="bulkUpdate" time="0.009" classname="org.jpwh.test.bulkbatch.BulkStatementsJPQL"/>
  <testcase name="bulkUpdateInheritance" time="0.01" classname="org.jpwh.test.bulkbatch.BulkStatementsJPQL"/>
  <testcase name="bulkUpdateVersioned" time="0.007" classname="org.jpwh.test.bulkbatch.BulkStatementsJPQL"/>
  <testcase name="bulkDelete" time="0.009" classname="org.jpwh.test.bulkbatch.BulkStatementsCriteria"/>
  <testcase name="bulkUpdate" time="0.008" classname="org.jpwh.test.bulkbatch.BulkStatementsCriteria"/>
  <testcase name="bulkUpdateVersioned" time="0.007" classname="org.jpwh.test.bulkbatch.BulkStatementsCriteria"/>
  <testcase name="batchInsertUpdate" time="4.227" classname="org.jpwh.test.bulkbatch.BatchInsertUpdate"/>
  <testcase name="batchInsertUpdateWithStatelessSession" time="2.77" classname="org.jpwh.test.bulkbatch.BatchInsertUpdate"/>
  <testcase name="bulkUpdate" time="0.007" classname="org.jpwh.test.bulkbatch.BulkStatementsSQL"/>
  <testcase name="bulkUpdateHibernate" time="0.007" classname="org.jpwh.test.bulkbatch.BulkStatementsSQL"/>
</testsuite> <!-- Scaling -->
