<?xml version="1.0" encoding="UTF-8"?>
<!-- Generated by org.testng.reporters.JUnitXMLReporter -->
<testsuite hostname="smekto4ka" name="Simple Mappings" tests="24" failures="0" timestamp="1 May 2021 09:48:10 GMT" time="4.942" errors="0">
  <testcase name="storeAndQueryItems" time="0.031" classname="org.jpwh.test.simple.CRUDMetadataXML"/>
  <testcase name="storeAndLoadBids" time="0.021" classname="org.jpwh.test.simple.MappingManyToOne"/>
  <testcase name="checkMetadataOverride" time="0.0" classname="org.jpwh.test.simple.CRUDMetadataOverrideXML"/>
  <testcase name="storeAndQueryItems" time="0.011" classname="org.jpwh.test.simple.CRUDMetadataOverrideXML"/>
  <testcase name="accessDynamicMetamodel" time="0.0" classname="org.jpwh.test.simple.AccessJPAMetamodel"/>
  <testcase name="accessStaticMetamodel" time="0.0" classname="org.jpwh.test.simple.AccessJPAMetamodel"/>
  <testcase name="queryStaticMetamodel" time="0.03" classname="org.jpwh.test.simple.AccessJPAMetamodel"/>
  <testcase name="basicUOW" time="0.004" classname="org.jpwh.test.simple.SimpleTransitions"/>
  <testcase name="detach" time="0.006" classname="org.jpwh.test.simple.SimpleTransitions"/>
  <testcase name="flushModeType" time="0.009" classname="org.jpwh.test.simple.SimpleTransitions"/>
  <testcase name="makePersistent" time="0.005" classname="org.jpwh.test.simple.SimpleTransitions"/>
  <testcase name="makeTransient" time="0.009" classname="org.jpwh.test.simple.SimpleTransitions"/>
  <testcase name="mergeDetached" time="0.009" classname="org.jpwh.test.simple.SimpleTransitions"/>
  <testcase name="refresh" time="0.033" classname="org.jpwh.test.simple.SimpleTransitions"/>
  <testcase name="replicate" time="0.011" classname="org.jpwh.test.simple.SimpleTransitions"/>
  <testcase name="retrievePersistent" time="0.008" classname="org.jpwh.test.simple.SimpleTransitions"/>
  <testcase name="retrievePersistentReference" time="0.004" classname="org.jpwh.test.simple.SimpleTransitions"/>
  <testcase name="scopeOfIdentity" time="0.006" classname="org.jpwh.test.simple.SimpleTransitions"/>
  <testcase name="storeAndQueryItems" time="0.005" classname="org.jpwh.test.simple.CRUD"/>
  <testcase name="linkBidAndItem" time="0.001" classname="org.jpwh.test.simple.ModelOperations"/>
  <testcase name="validateItem" time="0.242" classname="org.jpwh.test.simple.ModelOperations"/>
  <testcase name="storeAndLoadInvalidUsers" time="0.011" classname="org.jpwh.test.simple.MappingEmbeddables"/>
  <testcase name="storeAndLoadUsers" time="0.004" classname="org.jpwh.test.simple.MappingEmbeddables"/>
  <testcase name="storeAndQueryItems" time="0.008" classname="org.jpwh.test.simple.CRUDMetadataHBMXML"/>
</testsuite> <!-- Simple Mappings -->
